mode: atomic
github.com/formancehq/orchestration/main.go:7.13,9.2 1 0
github.com/formancehq/orchestration/cmd/root.go:48.38,58.90 4 0
github.com/formancehq/orchestration/cmd/root.go:58.90,60.4 1 0
github.com/formancehq/orchestration/cmd/root.go:62.2,65.12 3 0
github.com/formancehq/orchestration/cmd/root.go:68.16,70.2 1 0
github.com/formancehq/orchestration/cmd/root.go:72.59,74.16 2 0
github.com/formancehq/orchestration/cmd/root.go:74.16,76.3 1 0
github.com/formancehq/orchestration/cmd/root.go:78.2,101.51 3 0
github.com/formancehq/orchestration/cmd/root.go:101.51,103.4 1 0
github.com/formancehq/orchestration/cmd/root.go:104.34,113.27 5 0
github.com/formancehq/orchestration/cmd/root.go:113.27,115.5 1 0
github.com/formancehq/orchestration/cmd/root.go:116.4,123.36 2 0
github.com/formancehq/orchestration/cmd/serve.go:26.36,29.54 1 0
github.com/formancehq/orchestration/cmd/serve.go:29.54,30.90 1 0
github.com/formancehq/orchestration/cmd/serve.go:30.90,32.5 1 0
github.com/formancehq/orchestration/cmd/serve.go:37.39,40.55 1 0
github.com/formancehq/orchestration/cmd/serve.go:40.55,42.18 2 0
github.com/formancehq/orchestration/cmd/serve.go:42.18,44.5 1 0
github.com/formancehq/orchestration/cmd/serve.go:46.4,51.39 2 0
github.com/formancehq/orchestration/cmd/serve.go:51.39,55.6 1 0
github.com/formancehq/orchestration/cmd/serve.go:58.56,60.48 1 0
github.com/formancehq/orchestration/cmd/serve.go:60.48,62.8 1 0
github.com/formancehq/orchestration/cmd/serve.go:66.54,68.6 1 0
github.com/formancehq/orchestration/cmd/serve.go:70.4,71.14 2 0
github.com/formancehq/orchestration/cmd/serve.go:71.14,73.5 1 0
github.com/formancehq/orchestration/cmd/serve.go:75.4,75.62 1 0
github.com/formancehq/orchestration/cmd/serve.go:79.2,96.12 16 0
github.com/formancehq/orchestration/cmd/version.go:9.41,13.48 1 0
github.com/formancehq/orchestration/cmd/version.go:13.48,17.4 3 0
github.com/formancehq/orchestration/cmd/worker.go:21.54,25.58 2 0
github.com/formancehq/orchestration/cmd/worker.go:25.58,30.4 1 0
github.com/formancehq/orchestration/cmd/worker.go:34.50,54.2 5 0
github.com/formancehq/orchestration/cmd/worker.go:56.40,59.55 1 0
github.com/formancehq/orchestration/cmd/worker.go:59.55,61.18 2 0
github.com/formancehq/orchestration/cmd/worker.go:61.18,63.5 1 0
github.com/formancehq/orchestration/cmd/worker.go:65.4,65.85 1 0
github.com/formancehq/orchestration/cmd/worker.go:68.2,82.12 13 0
github.com/formancehq/orchestration/internal/schema/duration.go:10.49,12.2 1 0
github.com/formancehq/orchestration/internal/schema/duration.go:14.53,16.48 1 0
github.com/formancehq/orchestration/internal/schema/duration.go:16.48,18.3 1 0
github.com/formancehq/orchestration/internal/schema/duration.go:19.2,22.16 3 0
github.com/formancehq/orchestration/internal/schema/duration.go:22.16,24.3 1 0
github.com/formancehq/orchestration/internal/schema/duration.go:25.2,26.12 2 0
github.com/formancehq/orchestration/internal/schema/map.go:26.46,28.2 1 0
github.com/formancehq/orchestration/internal/schema/map.go:30.48,32.59 2 0
github.com/formancehq/orchestration/internal/schema/map.go:32.59,36.3 3 0
github.com/formancehq/orchestration/internal/schema/map.go:39.83,40.21 1 0
github.com/formancehq/orchestration/internal/schema/map.go:41.19,42.17 1 0
github.com/formancehq/orchestration/internal/schema/map.go:42.17,44.4 1 0
github.com/formancehq/orchestration/internal/schema/map.go:45.3,46.33 2 0
github.com/formancehq/orchestration/internal/schema/map.go:46.33,48.4 1 0
github.com/formancehq/orchestration/internal/schema/map.go:50.3,51.38 2 0
github.com/formancehq/orchestration/internal/schema/map.go:51.38,54.85 3 0
github.com/formancehq/orchestration/internal/schema/map.go:54.85,56.5 1 0
github.com/formancehq/orchestration/internal/schema/map.go:57.4,57.38 1 0
github.com/formancehq/orchestration/internal/schema/map.go:59.23,60.17 1 0
github.com/formancehq/orchestration/internal/schema/map.go:60.17,62.4 1 0
github.com/formancehq/orchestration/internal/schema/map.go:63.3,63.59 1 0
github.com/formancehq/orchestration/internal/schema/map.go:63.59,64.30 1 0
github.com/formancehq/orchestration/internal/schema/map.go:65.16,67.27 2 0
github.com/formancehq/orchestration/internal/schema/map.go:67.27,69.28 2 0
github.com/formancehq/orchestration/internal/schema/map.go:69.28,71.7 1 0
github.com/formancehq/orchestration/internal/schema/map.go:73.5,74.12 2 0
github.com/formancehq/orchestration/internal/schema/map.go:74.12,76.6 1 0
github.com/formancehq/orchestration/internal/schema/map.go:77.5,77.43 1 0
github.com/formancehq/orchestration/internal/schema/map.go:78.17,79.55 1 0
github.com/formancehq/orchestration/internal/schema/map.go:80.13,82.27 2 0
github.com/formancehq/orchestration/internal/schema/map.go:82.27,84.6 1 0
github.com/formancehq/orchestration/internal/schema/map.go:85.5,86.12 2 0
github.com/formancehq/orchestration/internal/schema/map.go:86.12,87.72 1 0
github.com/formancehq/orchestration/internal/schema/map.go:89.5,89.43 1 0
github.com/formancehq/orchestration/internal/schema/map.go:90.12,91.82 1 0
github.com/formancehq/orchestration/internal/schema/map.go:93.4,93.14 1 0
github.com/formancehq/orchestration/internal/schema/map.go:95.3,96.57 2 0
github.com/formancehq/orchestration/internal/schema/map.go:97.22,98.29 1 0
github.com/formancehq/orchestration/internal/schema/map.go:99.15,101.26 2 0
github.com/formancehq/orchestration/internal/schema/map.go:101.26,103.5 1 0
github.com/formancehq/orchestration/internal/schema/map.go:104.4,104.32 1 0
github.com/formancehq/orchestration/internal/schema/map.go:105.12,106.41 1 0
github.com/formancehq/orchestration/internal/schema/map.go:107.11,108.57 1 0
github.com/formancehq/orchestration/internal/schema/map.go:110.3,110.13 1 0
github.com/formancehq/orchestration/internal/schema/map.go:111.83,112.29 1 0
github.com/formancehq/orchestration/internal/schema/map.go:113.15,115.26 2 0
github.com/formancehq/orchestration/internal/schema/map.go:115.26,117.27 2 0
github.com/formancehq/orchestration/internal/schema/map.go:117.27,119.6 1 0
github.com/formancehq/orchestration/internal/schema/map.go:121.4,122.18 2 0
github.com/formancehq/orchestration/internal/schema/map.go:122.18,124.5 1 0
github.com/formancehq/orchestration/internal/schema/map.go:125.4,125.29 1 0
github.com/formancehq/orchestration/internal/schema/map.go:126.16,127.30 1 0
github.com/formancehq/orchestration/internal/schema/map.go:128.12,130.26 2 0
github.com/formancehq/orchestration/internal/schema/map.go:130.26,132.5 1 0
github.com/formancehq/orchestration/internal/schema/map.go:133.4,134.18 2 0
github.com/formancehq/orchestration/internal/schema/map.go:134.18,136.5 1 0
github.com/formancehq/orchestration/internal/schema/map.go:137.4,137.29 1 0
github.com/formancehq/orchestration/internal/schema/map.go:138.11,139.78 1 0
github.com/formancehq/orchestration/internal/schema/map.go:141.78,142.63 1 0
github.com/formancehq/orchestration/internal/schema/map.go:142.63,143.30 1 0
github.com/formancehq/orchestration/internal/schema/map.go:144.16,146.27 2 0
github.com/formancehq/orchestration/internal/schema/map.go:146.27,148.28 2 0
github.com/formancehq/orchestration/internal/schema/map.go:148.28,150.7 1 0
github.com/formancehq/orchestration/internal/schema/map.go:152.5,153.19 2 0
github.com/formancehq/orchestration/internal/schema/map.go:153.19,155.6 1 0
github.com/formancehq/orchestration/internal/schema/map.go:156.5,156.33 1 0
github.com/formancehq/orchestration/internal/schema/map.go:157.13,159.27 2 0
github.com/formancehq/orchestration/internal/schema/map.go:159.27,161.6 1 0
github.com/formancehq/orchestration/internal/schema/map.go:162.5,163.19 2 0
github.com/formancehq/orchestration/internal/schema/map.go:163.19,165.6 1 0
github.com/formancehq/orchestration/internal/schema/map.go:166.5,166.33 1 0
github.com/formancehq/orchestration/internal/schema/map.go:167.12,168.79 1 0
github.com/formancehq/orchestration/internal/schema/map.go:170.4,170.14 1 0
github.com/formancehq/orchestration/internal/schema/map.go:172.3,172.29 1 0
github.com/formancehq/orchestration/internal/schema/map.go:173.15,175.26 2 0
github.com/formancehq/orchestration/internal/schema/map.go:175.26,177.27 2 0
github.com/formancehq/orchestration/internal/schema/map.go:177.27,179.6 1 0
github.com/formancehq/orchestration/internal/schema/map.go:181.4,182.18 2 0
github.com/formancehq/orchestration/internal/schema/map.go:182.18,184.5 1 0
github.com/formancehq/orchestration/internal/schema/map.go:185.4,185.27 1 0
github.com/formancehq/orchestration/internal/schema/map.go:186.16,187.28 1 0
github.com/formancehq/orchestration/internal/schema/map.go:188.12,190.26 2 0
github.com/formancehq/orchestration/internal/schema/map.go:190.26,192.5 1 0
github.com/formancehq/orchestration/internal/schema/map.go:193.4,194.18 2 0
github.com/formancehq/orchestration/internal/schema/map.go:194.18,196.5 1 0
github.com/formancehq/orchestration/internal/schema/map.go:197.4,197.27 1 0
github.com/formancehq/orchestration/internal/schema/map.go:198.11,199.78 1 0
github.com/formancehq/orchestration/internal/schema/map.go:201.20,202.29 1 0
github.com/formancehq/orchestration/internal/schema/map.go:203.15,205.57 2 0
github.com/formancehq/orchestration/internal/schema/map.go:205.57,207.5 1 0
github.com/formancehq/orchestration/internal/schema/map.go:208.4,208.40 1 0
github.com/formancehq/orchestration/internal/schema/map.go:209.13,210.22 1 0
github.com/formancehq/orchestration/internal/schema/map.go:211.12,213.57 2 0
github.com/formancehq/orchestration/internal/schema/map.go:213.57,215.5 1 0
github.com/formancehq/orchestration/internal/schema/map.go:216.4,216.40 1 0
github.com/formancehq/orchestration/internal/schema/map.go:217.11,218.78 1 0
github.com/formancehq/orchestration/internal/schema/map.go:220.40,221.29 1 0
github.com/formancehq/orchestration/internal/schema/map.go:222.15,225.18 3 0
github.com/formancehq/orchestration/internal/schema/map.go:225.18,227.5 1 0
github.com/formancehq/orchestration/internal/schema/map.go:228.4,228.31 1 0
github.com/formancehq/orchestration/internal/schema/map.go:229.16,230.23 1 0
github.com/formancehq/orchestration/internal/schema/map.go:231.12,233.26 2 0
github.com/formancehq/orchestration/internal/schema/map.go:233.26,235.5 1 0
github.com/formancehq/orchestration/internal/schema/map.go:236.4,237.18 2 0
github.com/formancehq/orchestration/internal/schema/map.go:237.18,239.5 1 0
github.com/formancehq/orchestration/internal/schema/map.go:240.4,240.24 1 0
github.com/formancehq/orchestration/internal/schema/map.go:241.11,242.78 1 0
github.com/formancehq/orchestration/internal/schema/map.go:244.22,245.56 1 0
github.com/formancehq/orchestration/internal/schema/map.go:245.56,246.30 1 0
github.com/formancehq/orchestration/internal/schema/map.go:247.16,249.27 2 0
github.com/formancehq/orchestration/internal/schema/map.go:249.27,251.6 1 0
github.com/formancehq/orchestration/internal/schema/map.go:252.5,252.27 1 0
github.com/formancehq/orchestration/internal/schema/map.go:252.27,254.20 2 0
github.com/formancehq/orchestration/internal/schema/map.go:254.20,256.7 1 0
github.com/formancehq/orchestration/internal/schema/map.go:257.6,257.37 1 0
github.com/formancehq/orchestration/internal/schema/map.go:259.13,260.36 1 0
github.com/formancehq/orchestration/internal/schema/map.go:260.36,262.20 2 0
github.com/formancehq/orchestration/internal/schema/map.go:262.20,264.7 1 0
github.com/formancehq/orchestration/internal/schema/map.go:265.6,265.37 1 0
github.com/formancehq/orchestration/internal/schema/map.go:267.12,268.58 1 0
github.com/formancehq/orchestration/internal/schema/map.go:270.4,270.14 1 0
github.com/formancehq/orchestration/internal/schema/map.go:272.3,273.10 2 0
github.com/formancehq/orchestration/internal/schema/map.go:273.10,275.4 1 0
github.com/formancehq/orchestration/internal/schema/map.go:276.3,276.53 1 0
github.com/formancehq/orchestration/internal/schema/map.go:276.53,278.4 1 0
github.com/formancehq/orchestration/internal/schema/map.go:280.2,280.12 1 0
github.com/formancehq/orchestration/internal/schema/map.go:283.75,286.39 3 0
github.com/formancehq/orchestration/internal/schema/map.go:286.39,290.30 3 0
github.com/formancehq/orchestration/internal/schema/map.go:290.30,291.57 1 0
github.com/formancehq/orchestration/internal/schema/map.go:291.57,293.5 1 0
github.com/formancehq/orchestration/internal/schema/map.go:294.4,294.12 1 0
github.com/formancehq/orchestration/internal/schema/map.go:297.3,299.111 2 0
github.com/formancehq/orchestration/internal/schema/map.go:299.111,304.4 1 0
github.com/formancehq/orchestration/internal/schema/map.go:306.2,306.12 1 0
github.com/formancehq/orchestration/internal/schema/map.go:309.83,311.19 2 0
github.com/formancehq/orchestration/internal/schema/map.go:311.19,313.3 1 0
github.com/formancehq/orchestration/internal/schema/map.go:314.2,315.69 2 0
github.com/formancehq/orchestration/internal/schema/tag.go:11.36,14.29 3 0
github.com/formancehq/orchestration/internal/schema/tag.go:14.29,15.10 1 0
github.com/formancehq/orchestration/internal/schema/tag.go:16.44,17.59 1 0
github.com/formancehq/orchestration/internal/schema/tag.go:20.2,20.12 1 0
github.com/formancehq/orchestration/internal/schema/validation.go:13.54,15.2 1 0
github.com/formancehq/orchestration/internal/schema/validation.go:17.70,19.47 2 0
github.com/formancehq/orchestration/internal/schema/validation.go:19.47,22.3 2 0
github.com/formancehq/orchestration/internal/schema/validation.go:23.2,23.47 1 0
github.com/formancehq/orchestration/internal/schema/validation.go:23.47,31.3 1 0
github.com/formancehq/orchestration/internal/schema/validation.go:34.38,38.55 4 0
github.com/formancehq/orchestration/internal/schema/validation.go:38.55,39.39 1 0
github.com/formancehq/orchestration/internal/schema/validation.go:39.39,40.15 1 0
github.com/formancehq/orchestration/internal/schema/validation.go:40.15,43.5 2 0
github.com/formancehq/orchestration/internal/schema/validation.go:44.4,44.18 1 0
github.com/formancehq/orchestration/internal/schema/validation.go:47.2,47.14 1 0
github.com/formancehq/orchestration/internal/schema/validation.go:47.14,49.3 1 0
github.com/formancehq/orchestration/internal/schema/validation.go:52.31,53.23 1 0
github.com/formancehq/orchestration/internal/schema/validation.go:53.23,55.3 1 0
github.com/formancehq/orchestration/internal/temporalworker/module.go:22.39,24.2 1 0
github.com/formancehq/orchestration/internal/temporalworker/module.go:26.68,30.2 2 0
github.com/formancehq/orchestration/internal/temporalworker/module.go:32.145,36.32 3 0
github.com/formancehq/orchestration/internal/temporalworker/module.go:36.32,37.32 1 0
github.com/formancehq/orchestration/internal/temporalworker/module.go:37.32,41.4 1 0
github.com/formancehq/orchestration/internal/temporalworker/module.go:44.2,44.33 1 0
github.com/formancehq/orchestration/internal/temporalworker/module.go:44.33,45.27 1 0
github.com/formancehq/orchestration/internal/temporalworker/module.go:45.27,49.4 1 0
github.com/formancehq/orchestration/internal/temporalworker/module.go:52.2,52.15 1 0
github.com/formancehq/orchestration/internal/temporalworker/module.go:55.74,58.114 1 0
github.com/formancehq/orchestration/internal/temporalworker/module.go:58.114,60.5 1 0
github.com/formancehq/orchestration/internal/temporalworker/module.go:62.52,65.46 2 0
github.com/formancehq/orchestration/internal/temporalworker/module.go:65.46,66.16 1 0
github.com/formancehq/orchestration/internal/temporalworker/module.go:66.16,68.21 2 0
github.com/formancehq/orchestration/internal/temporalworker/module.go:68.21,70.21 1 0
github.com/formancehq/orchestration/internal/temporalworker/module.go:70.21,71.19 1 0
github.com/formancehq/orchestration/internal/temporalworker/module.go:75.6,75.16 1 0
github.com/formancehq/orchestration/internal/temporalworker/module.go:77.45,81.6 3 0
github.com/formancehq/orchestration/internal/temporalworker/module.go:89.37,91.38 2 0
github.com/formancehq/orchestration/internal/temporalworker/module.go:91.38,92.24 1 0
github.com/formancehq/orchestration/internal/temporalworker/module.go:92.24,94.4 1 0
github.com/formancehq/orchestration/internal/temporalworker/module.go:96.2,96.15 1 0
github.com/formancehq/orchestration/internal/workflow/stages/internal/stagestesting/schema.go:20.74,21.42 1 0
github.com/formancehq/orchestration/internal/workflow/stages/internal/stagestesting/schema.go:21.42,25.23 3 0
github.com/formancehq/orchestration/internal/workflow/stages/internal/stagestesting/schema.go:25.23,27.4 1 0
github.com/formancehq/orchestration/internal/workflow/stages/internal/stagestesting/schema.go:28.3,31.37 2 0
github.com/formancehq/orchestration/internal/workflow/stages/internal/stagestesting/schema.go:31.37,34.4 2 0
github.com/formancehq/orchestration/internal/workflow/stages/internal/stagestesting/schema.go:34.9,37.4 2 0
github.com/formancehq/orchestration/internal/workflow/stages/internal/stagestesting/schema.go:39.3,40.39 2 0
github.com/formancehq/orchestration/internal/workflow/stages/internal/stagestesting/schema.go:40.39,42.4 1 0
github.com/formancehq/orchestration/internal/workflow/stages/internal/stagestesting/schema.go:42.9,44.4 1 0
github.com/formancehq/orchestration/internal/workflow/stages/internal/stagestesting/schema.go:48.79,50.37 2 0
github.com/formancehq/orchestration/internal/workflow/stages/internal/stagestesting/schema.go:50.37,52.3 1 0
github.com/formancehq/orchestration/internal/workflow/stages/internal/stagestesting/workflow.go:30.82,31.42 1 0
github.com/formancehq/orchestration/internal/workflow/stages/internal/stagestesting/workflow.go:31.42,37.48 4 0
github.com/formancehq/orchestration/internal/workflow/stages/internal/stagestesting/workflow.go:37.48,39.4 1 0
github.com/formancehq/orchestration/internal/workflow/stages/internal/stagestesting/workflow.go:40.3,40.54 1 0
github.com/formancehq/orchestration/internal/workflow/stages/internal/stagestesting/workflow.go:40.54,42.4 1 0
github.com/formancehq/orchestration/internal/workflow/stages/internal/stagestesting/workflow.go:44.3,47.45 4 0
github.com/formancehq/orchestration/internal/workflow/stages/internal/stagestesting/workflow.go:51.83,54.37 2 0
github.com/formancehq/orchestration/internal/workflow/stages/internal/stagestesting/workflow.go:54.37,56.3 1 0
github.com/formancehq/orchestration/internal/workflow/stages/internal/context.go:17.66,32.2 1 0
github.com/formancehq/orchestration/internal/workflow/stages/noop.go:10.33,12.2 1 0
github.com/formancehq/orchestration/internal/workflow/stages/noop.go:14.50,16.2 1 0
github.com/formancehq/orchestration/internal/workflow/stages/noop.go:18.13,20.2 1 0
github.com/formancehq/orchestration/internal/workflow/stages/schema.go:9.41,11.2 1 0
github.com/formancehq/orchestration/internal/workflow/stages/schema.go:13.29,15.2 1 0
github.com/formancehq/orchestration/internal/workflow/stages/schema.go:17.29,19.2 1 0
github.com/formancehq/orchestration/pkg/events/events.go:71.82,79.2 1 0
github.com/formancehq/orchestration/internal/api/backend.go:35.117,43.2 1 0
github.com/formancehq/orchestration/internal/api/backend_generated.go:35.59,39.2 3 1
github.com/formancehq/orchestration/internal/api/backend_generated.go:42.57,44.2 1 1
github.com/formancehq/orchestration/internal/api/backend_generated.go:47.70,52.2 4 0
github.com/formancehq/orchestration/internal/api/backend_generated.go:55.71,58.2 2 0
github.com/formancehq/orchestration/internal/api/backend_generated.go:61.103,67.2 5 0
github.com/formancehq/orchestration/internal/api/backend_generated.go:70.73,73.2 2 0
github.com/formancehq/orchestration/internal/api/backend_generated.go:76.113,82.2 5 0
github.com/formancehq/orchestration/internal/api/backend_generated.go:85.79,88.2 2 0
github.com/formancehq/orchestration/internal/api/backend_generated.go:91.82,96.2 4 0
github.com/formancehq/orchestration/internal/api/backend_generated.go:99.83,102.2 2 0
github.com/formancehq/orchestration/internal/api/backend_generated.go:105.76,110.2 4 0
github.com/formancehq/orchestration/internal/api/backend_generated.go:113.77,116.2 2 0
github.com/formancehq/orchestration/internal/api/backend_generated.go:119.95,125.2 5 0
github.com/formancehq/orchestration/internal/api/backend_generated.go:128.74,131.2 2 0
github.com/formancehq/orchestration/internal/api/backend_generated.go:134.100,140.2 5 0
github.com/formancehq/orchestration/internal/api/backend_generated.go:143.80,146.2 2 0
github.com/formancehq/orchestration/internal/api/backend_generated.go:149.146,155.2 5 0
github.com/formancehq/orchestration/internal/api/backend_generated.go:158.84,161.2 2 0
github.com/formancehq/orchestration/internal/api/backend_generated.go:164.138,170.2 5 0
github.com/formancehq/orchestration/internal/api/backend_generated.go:173.78,176.2 2 0
github.com/formancehq/orchestration/internal/api/backend_generated.go:179.163,185.2 5 0
github.com/formancehq/orchestration/internal/api/backend_generated.go:188.89,191.2 2 0
github.com/formancehq/orchestration/internal/api/backend_generated.go:194.151,200.2 5 2
github.com/formancehq/orchestration/internal/api/backend_generated.go:203.79,206.2 2 1
github.com/formancehq/orchestration/internal/api/backend_generated.go:209.93,214.2 4 0
github.com/formancehq/orchestration/internal/api/backend_generated.go:217.79,220.2 2 0
github.com/formancehq/orchestration/internal/api/backend_generated.go:223.108,229.2 5 0
github.com/formancehq/orchestration/internal/api/backend_generated.go:232.82,235.2 2 0
github.com/formancehq/orchestration/internal/api/backend_generated.go:238.128,244.2 5 0
github.com/formancehq/orchestration/internal/api/backend_generated.go:247.94,250.2 2 0
github.com/formancehq/orchestration/internal/api/backend_generated.go:253.95,259.2 5 0
github.com/formancehq/orchestration/internal/api/backend_generated.go:262.75,265.2 2 0
github.com/formancehq/orchestration/internal/api/backend_generated.go:268.120,274.2 5 0
github.com/formancehq/orchestration/internal/api/backend_generated.go:277.81,280.2 2 0
github.com/formancehq/orchestration/internal/api/backend_generated.go:283.132,289.2 5 0
github.com/formancehq/orchestration/internal/api/backend_generated.go:292.87,295.2 2 0
github.com/formancehq/orchestration/internal/api/backend_generated.go:298.66,303.2 4 0
github.com/formancehq/orchestration/internal/api/backend_generated.go:306.67,309.2 2 0
github.com/formancehq/orchestration/internal/api/handler_info.go:13.49,14.54 1 1
github.com/formancehq/orchestration/internal/api/handler_info.go:14.54,16.3 1 0
github.com/formancehq/orchestration/internal/api/module.go:11.33,13.2 1 2
github.com/formancehq/orchestration/internal/api/module.go:15.38,23.34 1 1
github.com/formancehq/orchestration/internal/api/module.go:23.34,25.4 1 1
github.com/formancehq/orchestration/internal/api/router.go:23.34,25.2 1 1
github.com/formancehq/orchestration/internal/api/router.go:27.44,29.2 1 1
github.com/formancehq/orchestration/internal/api/router.go:31.39,33.2 1 1
github.com/formancehq/orchestration/internal/api/router.go:42.32,46.48 4 1
github.com/formancehq/orchestration/internal/api/router.go:46.48,47.72 1 1
github.com/formancehq/orchestration/internal/api/router.go:47.72,50.4 2 2
github.com/formancehq/orchestration/internal/api/router.go:52.2,58.45 5 1
github.com/formancehq/orchestration/internal/api/router.go:58.45,61.3 2 1
github.com/formancehq/orchestration/internal/api/router.go:63.2,65.10 2 1
github.com/formancehq/orchestration/internal/workflow/stages/update/run.go:9.65,10.9 1 1
github.com/formancehq/orchestration/internal/workflow/stages/update/run.go:11.29,16.5 1 1
github.com/formancehq/orchestration/internal/workflow/stages/update/run.go:17.10,18.40 1 0
github.com/formancehq/orchestration/internal/workflow/stages/update/update.go:18.35,20.2 1 1
github.com/formancehq/orchestration/internal/workflow/stages/update/update.go:22.13,25.2 2 1
github.com/formancehq/orchestration/internal/workflow/stages/send/run.go:30.100,35.2 1 4
github.com/formancehq/orchestration/internal/workflow/stages/send/run.go:37.97,39.9 2 7
github.com/formancehq/orchestration/internal/workflow/stages/send/run.go:39.9,41.3 1 0
github.com/formancehq/orchestration/internal/workflow/stages/send/run.go:42.2,42.49 1 7
github.com/formancehq/orchestration/internal/workflow/stages/send/run.go:42.49,44.3 1 0
github.com/formancehq/orchestration/internal/workflow/stages/send/run.go:45.2,45.43 1 7
github.com/formancehq/orchestration/internal/workflow/stages/send/run.go:48.45,50.2 1 30
github.com/formancehq/orchestration/internal/workflow/stages/send/run.go:52.96,53.18 1 13
github.com/formancehq/orchestration/internal/workflow/stages/send/run.go:53.18,55.17 2 12
github.com/formancehq/orchestration/internal/workflow/stages/send/run.go:55.17,57.4 1 0
github.com/formancehq/orchestration/internal/workflow/stages/send/run.go:58.3,64.9 1 12
github.com/formancehq/orchestration/internal/workflow/stages/send/run.go:65.8,69.17 2 1
github.com/formancehq/orchestration/internal/workflow/stages/send/run.go:69.17,71.4 1 0
github.com/formancehq/orchestration/internal/workflow/stages/send/run.go:72.3,72.35 1 1
github.com/formancehq/orchestration/internal/workflow/stages/send/run.go:73.10,74.46 1 0
github.com/formancehq/orchestration/internal/workflow/stages/send/run.go:75.10,76.39 1 1
github.com/formancehq/orchestration/internal/workflow/stages/send/run.go:77.11,78.71 1 0
github.com/formancehq/orchestration/internal/workflow/stages/send/run.go:83.59,84.15 1 24
github.com/formancehq/orchestration/internal/workflow/stages/send/run.go:84.15,85.31 1 24
github.com/formancehq/orchestration/internal/workflow/stages/send/run.go:85.31,87.4 1 0
github.com/formancehq/orchestration/internal/workflow/stages/send/run.go:89.2,91.21 3 24
github.com/formancehq/orchestration/internal/workflow/stages/send/run.go:91.21,93.3 1 23
github.com/formancehq/orchestration/internal/workflow/stages/send/run.go:94.2,94.9 1 24
github.com/formancehq/orchestration/internal/workflow/stages/send/run.go:95.69,96.115 1 4
github.com/formancehq/orchestration/internal/workflow/stages/send/run.go:97.69,98.115 1 4
github.com/formancehq/orchestration/internal/workflow/stages/send/run.go:99.68,100.113 1 2
github.com/formancehq/orchestration/internal/workflow/stages/send/run.go:101.68,102.118 1 2
github.com/formancehq/orchestration/internal/workflow/stages/send/run.go:103.68,104.113 1 3
github.com/formancehq/orchestration/internal/workflow/stages/send/run.go:105.67,106.111 1 2
github.com/formancehq/orchestration/internal/workflow/stages/send/run.go:107.69,108.115 1 5
github.com/formancehq/orchestration/internal/workflow/stages/send/run.go:109.68,110.113 1 2
github.com/formancehq/orchestration/internal/workflow/stages/send/run.go:111.69,112.69 1 0
github.com/formancehq/orchestration/internal/workflow/stages/send/run.go:114.2,114.28 1 0
github.com/formancehq/orchestration/internal/workflow/stages/send/run.go:117.171,119.16 2 2
github.com/formancehq/orchestration/internal/workflow/stages/send/run.go:119.16,121.3 1 0
github.com/formancehq/orchestration/internal/workflow/stages/send/run.go:122.2,122.19 1 2
github.com/formancehq/orchestration/internal/workflow/stages/send/run.go:122.19,127.3 1 0
github.com/formancehq/orchestration/internal/workflow/stages/send/run.go:129.2,130.18 2 2
github.com/formancehq/orchestration/internal/workflow/stages/send/run.go:130.18,132.3 1 2
github.com/formancehq/orchestration/internal/workflow/stages/send/run.go:133.2,134.26 2 2
github.com/formancehq/orchestration/internal/workflow/stages/send/run.go:134.26,136.3 1 2
github.com/formancehq/orchestration/internal/workflow/stages/send/run.go:137.2,141.28 1 2
github.com/formancehq/orchestration/internal/workflow/stages/send/run.go:144.50,147.2 2 30
github.com/formancehq/orchestration/internal/workflow/stages/send/run.go:149.131,151.16 2 7
github.com/formancehq/orchestration/internal/workflow/stages/send/run.go:151.16,153.3 1 0
github.com/formancehq/orchestration/internal/workflow/stages/send/run.go:156.2,157.18 2 7
github.com/formancehq/orchestration/internal/workflow/stages/send/run.go:157.18,159.3 1 6
github.com/formancehq/orchestration/internal/workflow/stages/send/run.go:160.2,161.26 2 7
github.com/formancehq/orchestration/internal/workflow/stages/send/run.go:161.26,163.3 1 6
github.com/formancehq/orchestration/internal/workflow/stages/send/run.go:164.2,165.26 2 7
github.com/formancehq/orchestration/internal/workflow/stages/send/run.go:165.26,167.3 1 6
github.com/formancehq/orchestration/internal/workflow/stages/send/run.go:169.2,174.56 3 7
github.com/formancehq/orchestration/internal/workflow/stages/send/run.go:174.56,187.3 2 0
github.com/formancehq/orchestration/internal/workflow/stages/send/run.go:187.8,199.3 1 7
github.com/formancehq/orchestration/internal/workflow/stages/send/run.go:201.2,202.16 2 7
github.com/formancehq/orchestration/internal/workflow/stages/send/run.go:202.16,204.40 2 1
github.com/formancehq/orchestration/internal/workflow/stages/send/run.go:204.40,205.45 1 1
github.com/formancehq/orchestration/internal/workflow/stages/send/run.go:205.45,207.5 1 0
github.com/formancehq/orchestration/internal/workflow/stages/send/run.go:208.9,210.4 1 0
github.com/formancehq/orchestration/internal/workflow/stages/send/run.go:212.2,212.21 1 7
github.com/formancehq/orchestration/internal/workflow/stages/send/run.go:215.184,217.16 2 5
github.com/formancehq/orchestration/internal/workflow/stages/send/run.go:217.16,219.3 1 0
github.com/formancehq/orchestration/internal/workflow/stages/send/run.go:220.2,220.19 1 5
github.com/formancehq/orchestration/internal/workflow/stages/send/run.go:220.19,225.3 1 0
github.com/formancehq/orchestration/internal/workflow/stages/send/run.go:227.2,228.18 2 5
github.com/formancehq/orchestration/internal/workflow/stages/send/run.go:228.18,230.3 1 4
github.com/formancehq/orchestration/internal/workflow/stages/send/run.go:231.2,232.26 2 5
github.com/formancehq/orchestration/internal/workflow/stages/send/run.go:232.26,234.3 1 4
github.com/formancehq/orchestration/internal/workflow/stages/send/run.go:235.2,239.28 1 5
github.com/formancehq/orchestration/internal/workflow/stages/send/run.go:242.174,243.19 1 2
github.com/formancehq/orchestration/internal/workflow/stages/send/run.go:243.19,245.3 1 0
github.com/formancehq/orchestration/internal/workflow/stages/send/run.go:246.2,247.16 2 2
github.com/formancehq/orchestration/internal/workflow/stages/send/run.go:247.16,249.3 1 0
github.com/formancehq/orchestration/internal/workflow/stages/send/run.go:250.2,251.16 2 2
github.com/formancehq/orchestration/internal/workflow/stages/send/run.go:251.16,253.3 1 0
github.com/formancehq/orchestration/internal/workflow/stages/send/run.go:254.2,254.53 1 2
github.com/formancehq/orchestration/internal/workflow/stages/send/run.go:254.53,268.3 3 1
github.com/formancehq/orchestration/internal/workflow/stages/send/run.go:270.2,277.18 1 1
github.com/formancehq/orchestration/internal/workflow/stages/send/run.go:277.18,279.3 1 0
github.com/formancehq/orchestration/internal/workflow/stages/send/run.go:281.2,288.4 1 1
github.com/formancehq/orchestration/internal/workflow/stages/send/run.go:291.176,292.19 1 3
github.com/formancehq/orchestration/internal/workflow/stages/send/run.go:292.19,294.3 1 0
github.com/formancehq/orchestration/internal/workflow/stages/send/run.go:295.2,296.16 2 3
github.com/formancehq/orchestration/internal/workflow/stages/send/run.go:296.16,298.3 1 0
github.com/formancehq/orchestration/internal/workflow/stages/send/run.go:300.2,301.16 2 3
github.com/formancehq/orchestration/internal/workflow/stages/send/run.go:301.16,303.3 1 0
github.com/formancehq/orchestration/internal/workflow/stages/send/run.go:306.2,311.18 1 3
github.com/formancehq/orchestration/internal/workflow/stages/send/run.go:311.18,313.3 1 0
github.com/formancehq/orchestration/internal/workflow/stages/send/run.go:317.2,318.34 2 3
github.com/formancehq/orchestration/internal/workflow/stages/send/run.go:318.34,320.34 1 0
github.com/formancehq/orchestration/internal/workflow/stages/send/run.go:320.34,322.4 1 0
github.com/formancehq/orchestration/internal/workflow/stages/send/run.go:323.3,330.5 1 0
github.com/formancehq/orchestration/internal/workflow/stages/send/run.go:334.2,344.4 1 3
github.com/formancehq/orchestration/internal/workflow/stages/send/run.go:347.182,348.19 1 2
github.com/formancehq/orchestration/internal/workflow/stages/send/run.go:348.19,350.3 1 0
github.com/formancehq/orchestration/internal/workflow/stages/send/run.go:351.2,352.16 2 2
github.com/formancehq/orchestration/internal/workflow/stages/send/run.go:352.16,354.3 1 0
github.com/formancehq/orchestration/internal/workflow/stages/send/run.go:355.2,355.47 1 2
github.com/formancehq/orchestration/internal/workflow/stages/send/run.go:355.47,368.3 1 1
github.com/formancehq/orchestration/internal/workflow/stages/send/run.go:370.2,377.18 1 1
github.com/formancehq/orchestration/internal/workflow/stages/send/run.go:377.18,379.3 1 0
github.com/formancehq/orchestration/internal/workflow/stages/send/run.go:382.2,383.26 2 1
github.com/formancehq/orchestration/internal/workflow/stages/send/run.go:383.26,385.3 1 1
github.com/formancehq/orchestration/internal/workflow/stages/send/run.go:387.2,394.61 3 1
github.com/formancehq/orchestration/internal/workflow/stages/send/run.go:394.61,406.3 2 0
github.com/formancehq/orchestration/internal/workflow/stages/send/run.go:406.8,417.3 1 1
github.com/formancehq/orchestration/internal/workflow/stages/send/run.go:419.2,419.115 1 1
github.com/formancehq/orchestration/internal/workflow/stages/send/run.go:422.182,423.19 1 4
github.com/formancehq/orchestration/internal/workflow/stages/send/run.go:423.19,425.3 1 0
github.com/formancehq/orchestration/internal/workflow/stages/send/run.go:426.2,427.16 2 4
github.com/formancehq/orchestration/internal/workflow/stages/send/run.go:427.16,429.3 1 0
github.com/formancehq/orchestration/internal/workflow/stages/send/run.go:430.2,430.47 1 4
github.com/formancehq/orchestration/internal/workflow/stages/send/run.go:430.47,443.3 1 1
github.com/formancehq/orchestration/internal/workflow/stages/send/run.go:446.2,447.26 2 3
github.com/formancehq/orchestration/internal/workflow/stages/send/run.go:447.26,449.3 1 1
github.com/formancehq/orchestration/internal/workflow/stages/send/run.go:452.2,460.27 3 3
github.com/formancehq/orchestration/internal/workflow/stages/send/run.go:460.27,472.3 2 0
github.com/formancehq/orchestration/internal/workflow/stages/send/run.go:472.8,483.3 1 3
github.com/formancehq/orchestration/internal/workflow/stages/send/run.go:485.2,485.126 1 3
github.com/formancehq/orchestration/internal/workflow/stages/send/run.go:485.126,487.3 1 0
github.com/formancehq/orchestration/internal/workflow/stages/send/run.go:489.2,502.4 1 3
github.com/formancehq/orchestration/internal/workflow/stages/send/run.go:505.190,506.19 1 9
github.com/formancehq/orchestration/internal/workflow/stages/send/run.go:506.19,508.3 1 0
github.com/formancehq/orchestration/internal/workflow/stages/send/run.go:509.2,509.41 1 9
github.com/formancehq/orchestration/internal/workflow/stages/send/run.go:509.41,520.3 1 2
github.com/formancehq/orchestration/internal/workflow/stages/send/run.go:523.2,524.32 2 7
github.com/formancehq/orchestration/internal/workflow/stages/send/run.go:524.32,526.3 1 1
github.com/formancehq/orchestration/internal/workflow/stages/send/run.go:529.2,530.30 2 7
github.com/formancehq/orchestration/internal/workflow/stages/send/run.go:530.30,532.3 1 3
github.com/formancehq/orchestration/internal/workflow/stages/send/run.go:536.2,541.27 3 7
github.com/formancehq/orchestration/internal/workflow/stages/send/run.go:541.27,553.3 2 1
github.com/formancehq/orchestration/internal/workflow/stages/send/run.go:553.8,564.3 1 6
github.com/formancehq/orchestration/internal/workflow/stages/send/run.go:566.2,566.132 1 7
github.com/formancehq/orchestration/internal/workflow/stages/send/run.go:566.132,568.3 1 0
github.com/formancehq/orchestration/internal/workflow/stages/send/run.go:572.2,577.65 3 7
github.com/formancehq/orchestration/internal/workflow/stages/send/run.go:577.65,589.3 2 2
github.com/formancehq/orchestration/internal/workflow/stages/send/run.go:589.8,600.3 1 5
github.com/formancehq/orchestration/internal/workflow/stages/send/run.go:602.2,602.119 1 7
github.com/formancehq/orchestration/internal/workflow/stages/send/run.go:605.184,606.19 1 4
github.com/formancehq/orchestration/internal/workflow/stages/send/run.go:606.19,608.3 1 0
github.com/formancehq/orchestration/internal/workflow/stages/send/run.go:609.2,610.16 2 4
github.com/formancehq/orchestration/internal/workflow/stages/send/run.go:610.16,612.3 1 0
github.com/formancehq/orchestration/internal/workflow/stages/send/run.go:613.2,614.16 2 4
github.com/formancehq/orchestration/internal/workflow/stages/send/run.go:614.16,616.3 1 0
github.com/formancehq/orchestration/internal/workflow/stages/send/run.go:619.2,620.26 2 4
github.com/formancehq/orchestration/internal/workflow/stages/send/run.go:620.26,622.3 1 2
github.com/formancehq/orchestration/internal/workflow/stages/send/run.go:625.2,626.27 2 4
github.com/formancehq/orchestration/internal/workflow/stages/send/run.go:626.27,638.3 2 1
github.com/formancehq/orchestration/internal/workflow/stages/send/run.go:638.8,649.3 1 3
github.com/formancehq/orchestration/internal/workflow/stages/send/run.go:651.2,651.126 1 4
github.com/formancehq/orchestration/internal/workflow/stages/send/run.go:651.126,653.3 1 0
github.com/formancehq/orchestration/internal/workflow/stages/send/run.go:657.2,658.34 2 4
github.com/formancehq/orchestration/internal/workflow/stages/send/run.go:658.34,660.34 1 0
github.com/formancehq/orchestration/internal/workflow/stages/send/run.go:660.34,662.4 1 0
github.com/formancehq/orchestration/internal/workflow/stages/send/run.go:663.3,670.5 1 0
github.com/formancehq/orchestration/internal/workflow/stages/send/run.go:674.2,684.4 1 4
github.com/formancehq/orchestration/internal/workflow/stages/send/send.go:80.26,82.2 1 24
github.com/formancehq/orchestration/internal/workflow/stages/send/send.go:84.54,87.2 2 7
github.com/formancehq/orchestration/internal/workflow/stages/send/send.go:89.56,92.2 2 7
github.com/formancehq/orchestration/internal/workflow/stages/send/send.go:94.62,97.2 2 10
github.com/formancehq/orchestration/internal/workflow/stages/send/send.go:105.36,107.2 1 24
github.com/formancehq/orchestration/internal/workflow/stages/send/send.go:109.69,112.2 2 6
github.com/formancehq/orchestration/internal/workflow/stages/send/send.go:114.71,117.2 2 7
github.com/formancehq/orchestration/internal/workflow/stages/send/send.go:119.77,122.2 2 11
github.com/formancehq/orchestration/internal/workflow/stages/send/send.go:132.33,134.2 1 24
github.com/formancehq/orchestration/internal/workflow/stages/send/send.go:136.13,139.2 2 1
github.com/formancehq/orchestration/internal/workflow/activities/activity.go:20.66,70.2 1 0
github.com/formancehq/orchestration/internal/workflow/activities/activity.go:72.43,76.2 1 0
github.com/formancehq/orchestration/internal/workflow/activities/activity.go:78.86,79.87 1 0
github.com/formancehq/orchestration/internal/workflow/activities/activity.go:79.87,81.36 2 0
github.com/formancehq/orchestration/internal/workflow/activities/activity.go:81.36,83.4 1 0
github.com/formancehq/orchestration/internal/workflow/activities/activity.go:84.3,84.13 1 0
github.com/formancehq/orchestration/internal/workflow/activities/activity.go:86.2,86.12 1 0
github.com/formancehq/orchestration/internal/workflow/activities/activity.go:89.41,92.2 2 0
github.com/formancehq/orchestration/internal/workflow/activities/activity_account_get.go:18.113,26.16 2 0
github.com/formancehq/orchestration/internal/workflow/activities/activity_account_get.go:26.16,27.28 1 0
github.com/formancehq/orchestration/internal/workflow/activities/activity_account_get.go:28.33,29.98 1 0
github.com/formancehq/orchestration/internal/workflow/activities/activity_account_get.go:30.11,31.19 1 0
github.com/formancehq/orchestration/internal/workflow/activities/activity_account_get.go:35.2,35.38 1 0
github.com/formancehq/orchestration/internal/workflow/activities/activity_account_get.go:40.105,45.17 2 0
github.com/formancehq/orchestration/internal/workflow/activities/activity_account_get.go:45.17,47.3 1 0
github.com/formancehq/orchestration/internal/workflow/activities/activity_account_get.go:48.2,48.23 1 0
github.com/formancehq/orchestration/internal/workflow/activities/activity_ledger_add_account_metadata.go:18.102,28.16 2 0
github.com/formancehq/orchestration/internal/workflow/activities/activity_ledger_add_account_metadata.go:28.16,29.28 1 0
github.com/formancehq/orchestration/internal/workflow/activities/activity_ledger_add_account_metadata.go:30.35,31.93 1 0
github.com/formancehq/orchestration/internal/workflow/activities/activity_ledger_add_account_metadata.go:32.11,33.14 1 0
github.com/formancehq/orchestration/internal/workflow/activities/activity_ledger_add_account_metadata.go:37.2,37.12 1 0
github.com/formancehq/orchestration/internal/workflow/activities/activity_ledger_add_account_metadata.go:42.88,44.2 1 0
github.com/formancehq/orchestration/internal/workflow/activities/activity_ledger_create_transaction.go:34.139,44.37 1 0
github.com/formancehq/orchestration/internal/workflow/activities/activity_ledger_create_transaction.go:44.37,45.39 1 0
github.com/formancehq/orchestration/internal/workflow/activities/activity_ledger_create_transaction.go:45.39,47.7 1 0
github.com/formancehq/orchestration/internal/workflow/activities/activity_ledger_create_transaction.go:48.6,48.41 1 0
github.com/formancehq/orchestration/internal/workflow/activities/activity_ledger_create_transaction.go:55.2,55.16 1 0
github.com/formancehq/orchestration/internal/workflow/activities/activity_ledger_create_transaction.go:55.16,56.28 1 0
github.com/formancehq/orchestration/internal/workflow/activities/activity_ledger_create_transaction.go:57.35,58.98 1 0
github.com/formancehq/orchestration/internal/workflow/activities/activity_ledger_create_transaction.go:59.11,60.19 1 0
github.com/formancehq/orchestration/internal/workflow/activities/activity_ledger_create_transaction.go:64.2,64.50 1 0
github.com/formancehq/orchestration/internal/workflow/activities/activity_ledger_create_transaction.go:69.117,74.17 2 0
github.com/formancehq/orchestration/internal/workflow/activities/activity_ledger_create_transaction.go:74.17,76.3 1 0
github.com/formancehq/orchestration/internal/workflow/activities/activity_ledger_create_transaction.go:77.2,77.22 1 0
github.com/formancehq/orchestration/internal/workflow/activities/activity_payment_stripe_transfer.go:28.94,40.16 4 0
github.com/formancehq/orchestration/internal/workflow/activities/activity_payment_stripe_transfer.go:40.16,42.3 1 0
github.com/formancehq/orchestration/internal/workflow/activities/activity_payment_stripe_transfer.go:44.2,56.16 3 0
github.com/formancehq/orchestration/internal/workflow/activities/activity_payment_stripe_transfer.go:56.16,58.3 1 0
github.com/formancehq/orchestration/internal/workflow/activities/activity_payment_stripe_transfer.go:60.2,60.12 1 0
github.com/formancehq/orchestration/internal/workflow/activities/activity_payment_stripe_transfer.go:65.80,67.2 1 0
github.com/formancehq/orchestration/internal/workflow/activities/activity_payments_get.go:15.113,22.16 2 0
github.com/formancehq/orchestration/internal/workflow/activities/activity_payments_get.go:22.16,24.3 1 0
github.com/formancehq/orchestration/internal/workflow/activities/activity_payments_get.go:26.2,26.38 1 0
github.com/formancehq/orchestration/internal/workflow/activities/activity_payments_get.go:31.75,35.17 2 0
github.com/formancehq/orchestration/internal/workflow/activities/activity_payments_get.go:35.17,37.3 1 0
github.com/formancehq/orchestration/internal/workflow/activities/activity_payments_get.go:38.2,38.23 1 0
github.com/formancehq/orchestration/internal/workflow/activities/activity_transfer_initiation.go:44.60,45.50 1 6
github.com/formancehq/orchestration/internal/workflow/activities/activity_transfer_initiation.go:45.50,47.3 1 1
github.com/formancehq/orchestration/internal/workflow/activities/activity_transfer_initiation.go:48.2,48.108 1 5
github.com/formancehq/orchestration/internal/workflow/activities/activity_transfer_initiation.go:62.66,63.56 1 3
github.com/formancehq/orchestration/internal/workflow/activities/activity_transfer_initiation.go:63.56,65.3 1 1
github.com/formancehq/orchestration/internal/workflow/activities/activity_transfer_initiation.go:66.2,66.95 1 2
github.com/formancehq/orchestration/internal/workflow/activities/activity_transfer_initiation.go:72.114,74.16 2 0
github.com/formancehq/orchestration/internal/workflow/activities/activity_transfer_initiation.go:74.16,76.3 1 0
github.com/formancehq/orchestration/internal/workflow/activities/activity_transfer_initiation.go:78.2,78.20 1 0
github.com/formancehq/orchestration/internal/workflow/activities/activity_transfer_initiation.go:78.20,80.3 1 0
github.com/formancehq/orchestration/internal/workflow/activities/activity_transfer_initiation.go:81.2,81.51 1 0
github.com/formancehq/orchestration/internal/workflow/activities/activity_transfer_initiation.go:84.116,90.24 4 0
github.com/formancehq/orchestration/internal/workflow/activities/activity_transfer_initiation.go:90.24,91.40 1 0
github.com/formancehq/orchestration/internal/workflow/activities/activity_transfer_initiation.go:92.17,93.59 1 0
github.com/formancehq/orchestration/internal/workflow/activities/activity_transfer_initiation.go:94.19,95.61 1 0
github.com/formancehq/orchestration/internal/workflow/activities/activity_transfer_initiation.go:96.11,97.93 1 0
github.com/formancehq/orchestration/internal/workflow/activities/activity_transfer_initiation.go:101.2,102.16 2 0
github.com/formancehq/orchestration/internal/workflow/activities/activity_transfer_initiation.go:102.16,104.3 1 0
github.com/formancehq/orchestration/internal/workflow/activities/activity_transfer_initiation.go:106.2,107.23 2 0
github.com/formancehq/orchestration/internal/workflow/activities/activity_transfer_initiation.go:107.23,108.30 1 0
github.com/formancehq/orchestration/internal/workflow/activities/activity_transfer_initiation.go:108.30,110.4 1 0
github.com/formancehq/orchestration/internal/workflow/activities/activity_transfer_initiation.go:110.9,112.4 1 0
github.com/formancehq/orchestration/internal/workflow/activities/activity_transfer_initiation.go:122.2,140.16 3 0
github.com/formancehq/orchestration/internal/workflow/activities/activity_transfer_initiation.go:140.16,142.3 1 0
github.com/formancehq/orchestration/internal/workflow/activities/activity_transfer_initiation.go:144.2,145.9 2 0
github.com/formancehq/orchestration/internal/workflow/activities/activity_transfer_initiation.go:145.9,147.3 1 0
github.com/formancehq/orchestration/internal/workflow/activities/activity_transfer_initiation.go:149.2,149.52 1 0
github.com/formancehq/orchestration/internal/workflow/activities/activity_transfer_initiation.go:149.52,151.3 1 0
github.com/formancehq/orchestration/internal/workflow/activities/activity_transfer_initiation.go:157.2,158.17 2 0
github.com/formancehq/orchestration/internal/workflow/activities/activity_transfer_initiation.go:158.17,162.3 1 0
github.com/formancehq/orchestration/internal/workflow/activities/activity_transfer_initiation.go:164.2,164.59 1 0
github.com/formancehq/orchestration/internal/workflow/activities/activity_transfer_initiation.go:172.120,173.25 1 7
github.com/formancehq/orchestration/internal/workflow/activities/activity_transfer_initiation.go:174.96,176.28 2 2
github.com/formancehq/orchestration/internal/workflow/activities/activity_transfer_initiation.go:176.28,178.4 1 1
github.com/formancehq/orchestration/internal/workflow/activities/activity_transfer_initiation.go:179.3,179.85 1 2
github.com/formancehq/orchestration/internal/workflow/activities/activity_transfer_initiation.go:180.64,193.17 2 2
github.com/formancehq/orchestration/internal/workflow/activities/activity_transfer_initiation.go:193.17,194.110 1 1
github.com/formancehq/orchestration/internal/workflow/activities/activity_transfer_initiation.go:194.110,201.5 1 0
github.com/formancehq/orchestration/internal/workflow/activities/activity_transfer_initiation.go:203.3,206.4 1 2
github.com/formancehq/orchestration/internal/workflow/activities/activity_transfer_initiation.go:207.10,209.13 1 3
github.com/formancehq/orchestration/internal/workflow/activities/activity_transfer_initiation.go:217.108,218.46 1 0
github.com/formancehq/orchestration/internal/workflow/activities/activity_transfer_initiation.go:218.46,220.3 1 0
github.com/formancehq/orchestration/internal/workflow/activities/activity_transfer_initiation.go:221.2,221.40 1 0
github.com/formancehq/orchestration/internal/workflow/activities/activity_transfer_initiation.go:221.40,223.3 1 0
github.com/formancehq/orchestration/internal/workflow/activities/activity_transfer_initiation.go:225.2,232.16 2 0
github.com/formancehq/orchestration/internal/workflow/activities/activity_transfer_initiation.go:232.16,233.56 1 0
github.com/formancehq/orchestration/internal/workflow/activities/activity_transfer_initiation.go:233.56,235.4 1 0
github.com/formancehq/orchestration/internal/workflow/activities/activity_transfer_initiation.go:236.3,236.17 1 0
github.com/formancehq/orchestration/internal/workflow/activities/activity_transfer_initiation.go:239.2,240.25 2 0
github.com/formancehq/orchestration/internal/workflow/activities/activity_transfer_initiation.go:241.9,242.139 1 0
github.com/formancehq/orchestration/internal/workflow/activities/activity_transfer_initiation.go:243.9,244.31 1 0
github.com/formancehq/orchestration/internal/workflow/activities/activity_transfer_initiation.go:245.10,249.4 1 0
github.com/formancehq/orchestration/internal/workflow/activities/activity_transfer_initiation.go:261.116,267.24 4 0
github.com/formancehq/orchestration/internal/workflow/activities/activity_transfer_initiation.go:267.24,268.40 1 0
github.com/formancehq/orchestration/internal/workflow/activities/activity_transfer_initiation.go:269.17,270.61 1 0
github.com/formancehq/orchestration/internal/workflow/activities/activity_transfer_initiation.go:271.19,272.63 1 0
github.com/formancehq/orchestration/internal/workflow/activities/activity_transfer_initiation.go:273.11,274.93 1 0
github.com/formancehq/orchestration/internal/workflow/activities/activity_transfer_initiation.go:284.2,285.16 2 0
github.com/formancehq/orchestration/internal/workflow/activities/activity_transfer_initiation.go:285.16,287.3 1 0
github.com/formancehq/orchestration/internal/workflow/activities/activity_transfer_initiation.go:289.2,290.23 2 0
github.com/formancehq/orchestration/internal/workflow/activities/activity_transfer_initiation.go:290.23,291.30 1 0
github.com/formancehq/orchestration/internal/workflow/activities/activity_transfer_initiation.go:291.30,293.4 1 0
github.com/formancehq/orchestration/internal/workflow/activities/activity_transfer_initiation.go:293.9,295.4 1 0
github.com/formancehq/orchestration/internal/workflow/activities/activity_transfer_initiation.go:298.2,309.27 2 0
github.com/formancehq/orchestration/internal/workflow/activities/activity_transfer_initiation.go:309.27,311.3 1 0
github.com/formancehq/orchestration/internal/workflow/activities/activity_transfer_initiation.go:313.2,314.16 2 0
github.com/formancehq/orchestration/internal/workflow/activities/activity_transfer_initiation.go:314.16,315.62 1 0
github.com/formancehq/orchestration/internal/workflow/activities/activity_transfer_initiation.go:315.62,317.4 1 0
github.com/formancehq/orchestration/internal/workflow/activities/activity_transfer_initiation.go:318.3,318.13 1 0
github.com/formancehq/orchestration/internal/workflow/activities/activity_transfer_initiation.go:321.2,321.12 1 0
github.com/formancehq/orchestration/internal/workflow/activities/activity_transfer_initiation.go:326.110,327.46 1 0
github.com/formancehq/orchestration/internal/workflow/activities/activity_transfer_initiation.go:327.46,329.3 1 0
github.com/formancehq/orchestration/internal/workflow/activities/activity_transfer_initiation.go:330.2,330.40 1 0
github.com/formancehq/orchestration/internal/workflow/activities/activity_transfer_initiation.go:330.40,332.3 1 0
github.com/formancehq/orchestration/internal/workflow/activities/activity_transfer_initiation.go:334.2,335.16 2 0
github.com/formancehq/orchestration/internal/workflow/activities/activity_transfer_initiation.go:335.16,336.62 1 0
github.com/formancehq/orchestration/internal/workflow/activities/activity_transfer_initiation.go:336.62,338.4 1 0
github.com/formancehq/orchestration/internal/workflow/activities/activity_transfer_initiation.go:339.3,339.17 1 0
github.com/formancehq/orchestration/internal/workflow/activities/activity_transfer_initiation.go:342.2,343.36 2 0
github.com/formancehq/orchestration/internal/workflow/activities/activity_transfer_initiation.go:343.36,344.50 1 0
github.com/formancehq/orchestration/internal/workflow/activities/activity_transfer_initiation.go:344.50,345.56 1 0
github.com/formancehq/orchestration/internal/workflow/activities/activity_transfer_initiation.go:345.56,347.5 1 0
github.com/formancehq/orchestration/internal/workflow/activities/activity_transfer_initiation.go:351.2,351.22 1 0
github.com/formancehq/orchestration/internal/workflow/activities/activity_transfer_initiation.go:352.9,353.139 1 0
github.com/formancehq/orchestration/internal/workflow/activities/activity_transfer_initiation.go:354.9,355.25 1 0
github.com/formancehq/orchestration/internal/workflow/activities/activity_transfer_initiation.go:356.10,360.4 1 0
github.com/formancehq/orchestration/internal/workflow/activities/activity_transfer_initiation.go:364.129,372.16 2 0
github.com/formancehq/orchestration/internal/workflow/activities/activity_transfer_initiation.go:372.16,374.3 1 0
github.com/formancehq/orchestration/internal/workflow/activities/activity_transfer_initiation.go:376.2,377.20 2 0
github.com/formancehq/orchestration/internal/workflow/activities/activity_transfer_initiation.go:377.20,379.3 1 0
github.com/formancehq/orchestration/internal/workflow/activities/activity_transfer_initiation.go:380.2,380.22 1 0
github.com/formancehq/orchestration/internal/workflow/activities/activity_transfer_initiation.go:385.100,387.2 1 0
github.com/formancehq/orchestration/internal/workflow/activities/activity_wallet_confirm_hold.go:17.88,26.16 2 0
github.com/formancehq/orchestration/internal/workflow/activities/activity_wallet_confirm_hold.go:26.16,28.3 1 0
github.com/formancehq/orchestration/internal/workflow/activities/activity_wallet_confirm_hold.go:30.2,30.29 1 0
github.com/formancehq/orchestration/internal/workflow/activities/activity_wallet_confirm_hold.go:31.28,32.13 1 0
github.com/formancehq/orchestration/internal/workflow/activities/activity_wallet_confirm_hold.go:33.10,34.71 1 0
github.com/formancehq/orchestration/internal/workflow/activities/activity_wallet_confirm_hold.go:40.57,44.2 1 0
github.com/formancehq/orchestration/internal/workflow/activities/activity_wallet_credit.go:30.90,40.37 1 0
github.com/formancehq/orchestration/internal/workflow/activities/activity_wallet_credit.go:40.37,41.39 1 0
github.com/formancehq/orchestration/internal/workflow/activities/activity_wallet_credit.go:41.39,43.7 1 0
github.com/formancehq/orchestration/internal/workflow/activities/activity_wallet_credit.go:44.6,44.41 1 0
github.com/formancehq/orchestration/internal/workflow/activities/activity_wallet_credit.go:51.2,51.16 1 0
github.com/formancehq/orchestration/internal/workflow/activities/activity_wallet_credit.go:51.16,53.3 1 0
github.com/formancehq/orchestration/internal/workflow/activities/activity_wallet_credit.go:55.2,55.12 1 0
github.com/formancehq/orchestration/internal/workflow/activities/activity_wallet_credit.go:60.95,65.2 1 0
github.com/formancehq/orchestration/internal/workflow/activities/activity_wallet_debit.go:36.119,47.37 1 0
github.com/formancehq/orchestration/internal/workflow/activities/activity_wallet_debit.go:47.37,48.39 1 0
github.com/formancehq/orchestration/internal/workflow/activities/activity_wallet_debit.go:48.39,50.7 1 0
github.com/formancehq/orchestration/internal/workflow/activities/activity_wallet_debit.go:51.6,51.41 1 0
github.com/formancehq/orchestration/internal/workflow/activities/activity_wallet_debit.go:58.2,58.16 1 0
github.com/formancehq/orchestration/internal/workflow/activities/activity_wallet_debit.go:58.16,60.43 2 0
github.com/formancehq/orchestration/internal/workflow/activities/activity_wallet_debit.go:60.43,62.4 1 0
github.com/formancehq/orchestration/internal/workflow/activities/activity_wallet_debit.go:63.3,63.18 1 0
github.com/formancehq/orchestration/internal/workflow/activities/activity_wallet_debit.go:66.2,66.42 1 0
github.com/formancehq/orchestration/internal/workflow/activities/activity_wallet_debit.go:71.109,76.17 2 0
github.com/formancehq/orchestration/internal/workflow/activities/activity_wallet_debit.go:76.17,78.3 1 0
github.com/formancehq/orchestration/internal/workflow/activities/activity_wallet_debit.go:79.2,79.23 1 0
github.com/formancehq/orchestration/internal/workflow/activities/activity_wallet_get.go:15.113,22.16 2 0
github.com/formancehq/orchestration/internal/workflow/activities/activity_wallet_get.go:22.16,24.3 1 0
github.com/formancehq/orchestration/internal/workflow/activities/activity_wallet_get.go:26.2,26.40 1 0
github.com/formancehq/orchestration/internal/workflow/activities/activity_wallet_get.go:31.85,35.17 2 0
github.com/formancehq/orchestration/internal/workflow/activities/activity_wallet_get.go:35.17,37.3 1 0
github.com/formancehq/orchestration/internal/workflow/activities/activity_wallet_get.go:38.2,38.23 1 0
github.com/formancehq/orchestration/internal/workflow/activities/activity_wallet_list.go:17.119,24.16 2 0
github.com/formancehq/orchestration/internal/workflow/activities/activity_wallet_list.go:24.16,26.3 1 0
github.com/formancehq/orchestration/internal/workflow/activities/activity_wallet_list.go:28.2,28.42 1 0
github.com/formancehq/orchestration/internal/workflow/activities/activity_wallet_list.go:33.105,35.80 2 0
github.com/formancehq/orchestration/internal/workflow/activities/activity_wallet_list.go:35.80,37.3 1 0
github.com/formancehq/orchestration/internal/workflow/activities/activity_wallet_list.go:38.2,38.17 1 0
github.com/formancehq/orchestration/internal/workflow/activities/activity_wallet_void_hold.go:14.82,22.16 2 0
github.com/formancehq/orchestration/internal/workflow/activities/activity_wallet_void_hold.go:22.16,24.3 1 0
github.com/formancehq/orchestration/internal/workflow/activities/activity_wallet_void_hold.go:26.2,26.12 1 0
github.com/formancehq/orchestration/internal/workflow/activities/activity_wallet_void_hold.go:31.54,35.2 1 0
github.com/formancehq/orchestration/internal/workflow/activities/payments_version.go:40.87,42.87 2 0
github.com/formancehq/orchestration/internal/workflow/activities/payments_version.go:42.87,46.3 3 0
github.com/formancehq/orchestration/internal/workflow/activities/payments_version.go:47.2,50.16 3 0
github.com/formancehq/orchestration/internal/workflow/activities/payments_version.go:50.16,52.3 1 0
github.com/formancehq/orchestration/internal/workflow/activities/payments_version.go:53.2,53.78 1 0
github.com/formancehq/orchestration/internal/workflow/activities/payments_version.go:53.78,55.3 1 0
github.com/formancehq/orchestration/internal/workflow/activities/payments_version.go:57.2,64.15 6 0
github.com/formancehq/orchestration/internal/workflow/activities/payments_version.go:67.58,70.17 3 10
github.com/formancehq/orchestration/internal/workflow/activities/payments_version.go:70.17,74.3 1 2
github.com/formancehq/orchestration/internal/workflow/activities/payments_version.go:76.2,77.16 2 8
github.com/formancehq/orchestration/internal/workflow/activities/payments_version.go:77.16,79.3 1 0
github.com/formancehq/orchestration/internal/workflow/activities/payments_version.go:81.2,81.62 1 8
github.com/formancehq/orchestration/internal/storage/migrations.go:12.51,36.20 1 1
github.com/formancehq/orchestration/internal/storage/migrations.go:36.20,38.5 1 0
github.com/formancehq/orchestration/internal/storage/migrations.go:39.4,39.14 1 1
github.com/formancehq/orchestration/internal/storage/migrations.go:43.51,47.20 1 1
github.com/formancehq/orchestration/internal/storage/migrations.go:47.20,49.5 1 0
github.com/formancehq/orchestration/internal/storage/migrations.go:50.4,50.14 1 1
github.com/formancehq/orchestration/internal/storage/migrations.go:54.51,57.20 1 1
github.com/formancehq/orchestration/internal/storage/migrations.go:57.20,59.5 1 0
github.com/formancehq/orchestration/internal/storage/migrations.go:60.4,60.14 1 1
github.com/formancehq/orchestration/internal/storage/migrations.go:64.51,67.20 1 1
github.com/formancehq/orchestration/internal/storage/migrations.go:67.20,69.5 1 0
github.com/formancehq/orchestration/internal/storage/migrations.go:70.4,70.14 1 1
github.com/formancehq/orchestration/internal/storage/migrations.go:74.51,93.20 1 1
github.com/formancehq/orchestration/internal/storage/migrations.go:93.20,95.5 1 0
github.com/formancehq/orchestration/internal/storage/migrations.go:96.4,96.14 1 1
github.com/formancehq/orchestration/internal/storage/migrations.go:100.51,113.20 1 1
github.com/formancehq/orchestration/internal/storage/migrations.go:113.20,115.5 1 0
github.com/formancehq/orchestration/internal/storage/migrations.go:116.4,116.14 1 1
github.com/formancehq/orchestration/internal/storage/migrations.go:120.51,124.20 1 1
github.com/formancehq/orchestration/internal/storage/migrations.go:124.20,126.5 1 0
github.com/formancehq/orchestration/internal/storage/migrations.go:127.4,127.14 1 1
github.com/formancehq/orchestration/internal/storage/migrations.go:131.51,147.20 1 1
github.com/formancehq/orchestration/internal/storage/migrations.go:147.20,149.5 1 0
github.com/formancehq/orchestration/internal/storage/migrations.go:150.4,150.14 1 1
github.com/formancehq/orchestration/internal/storage/migrations.go:154.51,158.20 1 1
github.com/formancehq/orchestration/internal/storage/migrations.go:158.20,160.5 1 0
github.com/formancehq/orchestration/internal/storage/migrations.go:161.4,161.14 1 1
github.com/formancehq/orchestration/internal/storage/migrations.go:165.51,169.20 1 1
github.com/formancehq/orchestration/internal/storage/migrations.go:169.20,171.5 1 0
github.com/formancehq/orchestration/internal/storage/migrations.go:172.4,172.14 1 1
github.com/formancehq/orchestration/internal/storage/migrations.go:177.53,179.2 1 1
github.com/formancehq/orchestration/internal/storage/migrations.go:181.69,186.2 3 2
github.com/formancehq/orchestration/internal/workflow/stages/delay/delay.go:14.34,16.2 1 2
github.com/formancehq/orchestration/internal/workflow/stages/delay/delay.go:18.13,21.2 2 1
github.com/formancehq/orchestration/internal/workflow/stages/delay/run.go:8.56,10.9 2 2
github.com/formancehq/orchestration/internal/workflow/stages/delay/run.go:11.29,12.44 1 1
github.com/formancehq/orchestration/internal/workflow/stages/delay/run.go:13.26,14.38 1 1
github.com/formancehq/orchestration/internal/workflow/stages/delay/run.go:16.2,16.38 1 2
github.com/formancehq/orchestration/internal/workflow/stages/wait_event/run.go:8.68,10.41 2 1
github.com/formancehq/orchestration/internal/workflow/stages/wait_event/run.go:10.41,13.10 3 4
github.com/formancehq/orchestration/internal/workflow/stages/wait_event/run.go:13.10,15.4 1 3
github.com/formancehq/orchestration/internal/workflow/stages/wait_event/run.go:16.3,16.37 1 1
github.com/formancehq/orchestration/internal/workflow/stages/wait_event/run.go:16.37,19.4 2 0
github.com/formancehq/orchestration/internal/workflow/stages/wait_event/run.go:20.3,20.14 1 1
github.com/formancehq/orchestration/internal/workflow/stages/wait_event/wait_event.go:11.38,13.2 1 1
github.com/formancehq/orchestration/internal/workflow/stages/wait_event/wait_event.go:15.13,17.2 1 1
github.com/formancehq/orchestration/internal/api/v1/handler_abort_workflow_instance.go:11.67,12.54 1 7
github.com/formancehq/orchestration/internal/api/v1/handler_abort_workflow_instance.go:12.54,13.70 1 0
github.com/formancehq/orchestration/internal/api/v1/handler_abort_workflow_instance.go:13.70,16.4 2 0
github.com/formancehq/orchestration/internal/api/v1/handler_abort_workflow_instance.go:17.3,17.19 1 0
github.com/formancehq/orchestration/internal/api/v1/handler_create_trigger.go:14.97,15.54 1 7
github.com/formancehq/orchestration/internal/api/v1/handler_create_trigger.go:15.54,18.63 2 1
github.com/formancehq/orchestration/internal/api/v1/handler_create_trigger.go:18.63,21.4 2 0
github.com/formancehq/orchestration/internal/api/v1/handler_create_trigger.go:23.3,24.17 2 1
github.com/formancehq/orchestration/internal/api/v1/handler_create_trigger.go:24.17,25.11 1 0
github.com/formancehq/orchestration/internal/api/v1/handler_create_trigger.go:28.42,29.47 1 0
github.com/formancehq/orchestration/internal/api/v1/handler_create_trigger.go:30.55,31.31 1 0
github.com/formancehq/orchestration/internal/api/v1/handler_create_trigger.go:32.12,33.45 1 0
github.com/formancehq/orchestration/internal/api/v1/handler_create_trigger.go:35.4,35.10 1 0
github.com/formancehq/orchestration/internal/api/v1/handler_create_trigger.go:38.3,38.32 1 1
github.com/formancehq/orchestration/internal/api/v1/handler_create_workflow.go:15.54,16.54 1 7
github.com/formancehq/orchestration/internal/api/v1/handler_create_workflow.go:16.54,19.54 2 2
github.com/formancehq/orchestration/internal/api/v1/handler_create_workflow.go:19.54,21.67 2 0
github.com/formancehq/orchestration/internal/api/v1/handler_create_workflow.go:21.67,24.5 2 0
github.com/formancehq/orchestration/internal/api/v1/handler_create_workflow.go:26.4,27.18 2 0
github.com/formancehq/orchestration/internal/api/v1/handler_create_workflow.go:27.18,28.15 1 0
github.com/formancehq/orchestration/internal/api/v1/handler_create_workflow.go:31.4,31.58 1 0
github.com/formancehq/orchestration/internal/api/v1/handler_create_workflow.go:31.58,34.5 2 0
github.com/formancehq/orchestration/internal/api/v1/handler_create_workflow.go:35.9,36.66 1 2
github.com/formancehq/orchestration/internal/api/v1/handler_create_workflow.go:36.66,39.5 2 0
github.com/formancehq/orchestration/internal/api/v1/handler_create_workflow.go:42.3,43.17 2 2
github.com/formancehq/orchestration/internal/api/v1/handler_create_workflow.go:43.17,46.4 2 0
github.com/formancehq/orchestration/internal/api/v1/handler_create_workflow.go:48.3,48.27 1 2
github.com/formancehq/orchestration/internal/api/v1/handler_delete_trigger.go:14.58,15.54 1 7
github.com/formancehq/orchestration/internal/api/v1/handler_delete_trigger.go:15.54,16.90 1 0
github.com/formancehq/orchestration/internal/api/v1/handler_delete_trigger.go:16.90,17.11 1 0
github.com/formancehq/orchestration/internal/api/v1/handler_delete_trigger.go:18.39,19.31 1 0
github.com/formancehq/orchestration/internal/api/v1/handler_delete_trigger.go:20.12,21.45 1 0
github.com/formancehq/orchestration/internal/api/v1/handler_delete_trigger.go:23.4,23.10 1 0
github.com/formancehq/orchestration/internal/api/v1/handler_delete_trigger.go:26.3,26.25 1 0
github.com/formancehq/orchestration/internal/api/v1/handler_delete_workflow.go:18.60,19.54 1 7
github.com/formancehq/orchestration/internal/api/v1/handler_delete_workflow.go:19.54,23.17 3 2
github.com/formancehq/orchestration/internal/api/v1/handler_delete_workflow.go:23.17,26.4 2 0
github.com/formancehq/orchestration/internal/api/v1/handler_delete_workflow.go:28.3,30.51 2 2
github.com/formancehq/orchestration/internal/api/v1/handler_delete_workflow.go:30.51,33.4 2 0
github.com/formancehq/orchestration/internal/api/v1/handler_delete_workflow.go:35.3,35.17 1 2
github.com/formancehq/orchestration/internal/api/v1/handler_delete_workflow.go:35.17,38.4 2 0
github.com/formancehq/orchestration/internal/api/v1/handler_delete_workflow.go:40.3,40.19 1 2
github.com/formancehq/orchestration/internal/api/v1/handler_get_trigger.go:14.55,15.54 1 7
github.com/formancehq/orchestration/internal/api/v1/handler_get_trigger.go:15.54,17.17 2 0
github.com/formancehq/orchestration/internal/api/v1/handler_get_trigger.go:17.17,18.11 1 0
github.com/formancehq/orchestration/internal/api/v1/handler_get_trigger.go:19.39,21.11 2 0
github.com/formancehq/orchestration/internal/api/v1/handler_get_trigger.go:22.12,23.45 1 0
github.com/formancehq/orchestration/internal/api/v1/handler_get_trigger.go:25.4,25.10 1 0
github.com/formancehq/orchestration/internal/api/v1/handler_get_trigger.go:28.3,28.27 1 0
github.com/formancehq/orchestration/internal/api/v1/handler_list_instances.go:13.58,14.54 1 7
github.com/formancehq/orchestration/internal/api/v1/handler_list_instances.go:14.54,22.17 2 4
github.com/formancehq/orchestration/internal/api/v1/handler_list_instances.go:22.17,25.4 2 0
github.com/formancehq/orchestration/internal/api/v1/handler_list_instances.go:26.3,26.29 1 4
github.com/formancehq/orchestration/internal/api/v1/handler_list_triggers.go:14.96,15.54 1 7
github.com/formancehq/orchestration/internal/api/v1/handler_list_triggers.go:15.54,17.112 1 0
github.com/formancehq/orchestration/internal/api/v1/handler_list_triggers.go:17.112,19.18 2 0
github.com/formancehq/orchestration/internal/api/v1/handler_list_triggers.go:19.18,21.5 1 0
github.com/formancehq/orchestration/internal/api/v1/handler_list_triggers.go:23.4,28.10 2 0
github.com/formancehq/orchestration/internal/api/v1/handler_list_triggers.go:30.3,30.17 1 0
github.com/formancehq/orchestration/internal/api/v1/handler_list_triggers.go:30.17,33.4 2 0
github.com/formancehq/orchestration/internal/api/v1/handler_list_triggers.go:35.3,36.17 2 0
github.com/formancehq/orchestration/internal/api/v1/handler_list_triggers.go:36.17,39.4 2 0
github.com/formancehq/orchestration/internal/api/v1/handler_list_triggers.go:41.3,41.33 1 0
github.com/formancehq/orchestration/internal/api/v1/handler_list_triggers_occurrences.go:13.107,14.54 1 7
github.com/formancehq/orchestration/internal/api/v1/handler_list_triggers_occurrences.go:14.54,20.17 2 0
github.com/formancehq/orchestration/internal/api/v1/handler_list_triggers_occurrences.go:20.17,23.4 2 0
github.com/formancehq/orchestration/internal/api/v1/handler_list_triggers_occurrences.go:25.3,25.44 1 0
github.com/formancehq/orchestration/internal/api/v1/handler_list_workflows.go:13.59,14.54 1 7
github.com/formancehq/orchestration/internal/api/v1/handler_list_workflows.go:14.54,17.17 2 0
github.com/formancehq/orchestration/internal/api/v1/handler_list_workflows.go:17.17,20.4 2 0
github.com/formancehq/orchestration/internal/api/v1/handler_list_workflows.go:22.3,22.28 1 0
github.com/formancehq/orchestration/internal/api/v1/handler_post_event.go:13.73,14.54 1 7
github.com/formancehq/orchestration/internal/api/v1/handler_post_event.go:14.54,16.64 2 0
github.com/formancehq/orchestration/internal/api/v1/handler_post_event.go:16.64,19.4 2 0
github.com/formancehq/orchestration/internal/api/v1/handler_post_event.go:21.3,21.78 1 0
github.com/formancehq/orchestration/internal/api/v1/handler_post_event.go:21.78,24.4 2 0
github.com/formancehq/orchestration/internal/api/v1/handler_post_event.go:26.3,26.19 1 0
github.com/formancehq/orchestration/internal/api/v1/handler_read_instance.go:11.58,12.54 1 7
github.com/formancehq/orchestration/internal/api/v1/handler_read_instance.go:12.54,14.17 2 1
github.com/formancehq/orchestration/internal/api/v1/handler_read_instance.go:14.17,17.4 2 0
github.com/formancehq/orchestration/internal/api/v1/handler_read_instance.go:19.3,19.23 1 1
github.com/formancehq/orchestration/internal/api/v1/handler_read_instance_history.go:11.65,12.54 1 7
github.com/formancehq/orchestration/internal/api/v1/handler_read_instance_history.go:12.54,14.17 2 0
github.com/formancehq/orchestration/internal/api/v1/handler_read_instance_history.go:14.17,17.4 2 0
github.com/formancehq/orchestration/internal/api/v1/handler_read_instance_history.go:19.3,19.23 1 0
github.com/formancehq/orchestration/internal/api/v1/handler_read_stage_history.go:15.62,16.54 1 7
github.com/formancehq/orchestration/internal/api/v1/handler_read_stage_history.go:16.54,19.17 3 0
github.com/formancehq/orchestration/internal/api/v1/handler_read_stage_history.go:19.17,22.4 2 0
github.com/formancehq/orchestration/internal/api/v1/handler_read_stage_history.go:23.3,24.17 2 0
github.com/formancehq/orchestration/internal/api/v1/handler_read_stage_history.go:24.17,25.11 1 0
github.com/formancehq/orchestration/internal/api/v1/handler_read_stage_history.go:26.54,27.25 1 0
github.com/formancehq/orchestration/internal/api/v1/handler_read_stage_history.go:28.12,29.39 1 0
github.com/formancehq/orchestration/internal/api/v1/handler_read_stage_history.go:31.4,31.10 1 0
github.com/formancehq/orchestration/internal/api/v1/handler_read_stage_history.go:34.3,34.23 1 0
github.com/formancehq/orchestration/internal/api/v1/handler_read_workflow.go:11.58,12.54 1 7
github.com/formancehq/orchestration/internal/api/v1/handler_read_workflow.go:12.54,14.17 2 0
github.com/formancehq/orchestration/internal/api/v1/handler_read_workflow.go:14.17,17.4 2 0
github.com/formancehq/orchestration/internal/api/v1/handler_read_workflow.go:19.3,19.22 1 0
github.com/formancehq/orchestration/internal/api/v1/handler_run_workflow.go:14.57,15.54 1 7
github.com/formancehq/orchestration/internal/api/v1/handler_run_workflow.go:15.54,17.26 2 2
github.com/formancehq/orchestration/internal/api/v1/handler_run_workflow.go:17.26,18.65 1 0
github.com/formancehq/orchestration/internal/api/v1/handler_run_workflow.go:18.65,21.5 2 0
github.com/formancehq/orchestration/internal/api/v1/handler_run_workflow.go:23.3,24.17 2 2
github.com/formancehq/orchestration/internal/api/v1/handler_run_workflow.go:24.17,27.4 2 0
github.com/formancehq/orchestration/internal/api/v1/handler_run_workflow.go:29.3,29.88 1 2
github.com/formancehq/orchestration/internal/api/v1/handler_run_workflow.go:29.88,36.65 2 1
github.com/formancehq/orchestration/internal/api/v1/handler_run_workflow.go:36.65,38.5 1 0
github.com/formancehq/orchestration/internal/api/v1/handler_run_workflow.go:39.4,40.18 2 1
github.com/formancehq/orchestration/internal/api/v1/handler_run_workflow.go:40.18,41.15 1 0
github.com/formancehq/orchestration/internal/api/v1/handler_run_workflow.go:44.4,45.10 2 1
github.com/formancehq/orchestration/internal/api/v1/handler_run_workflow.go:48.3,48.27 1 1
github.com/formancehq/orchestration/internal/api/v1/module.go:8.28,15.2 1 0
github.com/formancehq/orchestration/internal/api/v1/router.go:14.92,16.29 2 7
github.com/formancehq/orchestration/internal/api/v1/router.go:16.29,20.43 3 7
github.com/formancehq/orchestration/internal/api/v1/router.go:20.43,23.47 3 7
github.com/formancehq/orchestration/internal/api/v1/router.go:23.47,27.5 3 7
github.com/formancehq/orchestration/internal/api/v1/router.go:29.3,29.44 1 7
github.com/formancehq/orchestration/internal/api/v1/router.go:29.44,32.48 3 7
github.com/formancehq/orchestration/internal/api/v1/router.go:32.48,35.46 3 7
github.com/formancehq/orchestration/internal/api/v1/router.go:35.46,37.6 1 7
github.com/formancehq/orchestration/internal/api/v1/router.go:40.3,40.44 1 7
github.com/formancehq/orchestration/internal/api/v1/router.go:40.44,42.48 2 7
github.com/formancehq/orchestration/internal/api/v1/router.go:42.48,47.43 5 7
github.com/formancehq/orchestration/internal/api/v1/router.go:47.43,48.46 1 7
github.com/formancehq/orchestration/internal/api/v1/router.go:48.46,50.7 1 7
github.com/formancehq/orchestration/internal/api/v1/router.go:56.2,56.10 1 7
github.com/formancehq/orchestration/internal/api/v1/router.go:59.41,61.2 1 6
github.com/formancehq/orchestration/internal/api/v1/router.go:63.41,65.2 1 1
github.com/formancehq/orchestration/internal/workflow/activities.go:18.92,24.2 1 1
github.com/formancehq/orchestration/internal/workflow/activities.go:26.96,27.26 1 1
github.com/formancehq/orchestration/internal/workflow/activities.go:27.26,33.3 1 1
github.com/formancehq/orchestration/internal/workflow/activities.go:33.8,40.3 1 0
github.com/formancehq/orchestration/internal/workflow/activities.go:43.110,50.2 1 0
github.com/formancehq/orchestration/internal/workflow/activities.go:52.114,53.24 1 0
github.com/formancehq/orchestration/internal/workflow/activities.go:53.24,60.3 1 0
github.com/formancehq/orchestration/internal/workflow/activities.go:60.8,68.3 1 0
github.com/formancehq/orchestration/internal/workflow/activities.go:71.98,76.25 2 1
github.com/formancehq/orchestration/internal/workflow/activities.go:76.25,78.3 1 0
github.com/formancehq/orchestration/internal/workflow/activities.go:80.2,80.23 1 1
github.com/formancehq/orchestration/internal/workflow/activities.go:83.83,89.2 2 0
github.com/formancehq/orchestration/internal/workflow/activities.go:91.101,95.25 2 1
github.com/formancehq/orchestration/internal/workflow/activities.go:95.25,97.3 1 0
github.com/formancehq/orchestration/internal/workflow/activities.go:99.2,99.20 1 1
github.com/formancehq/orchestration/internal/workflow/activities.go:102.73,108.2 2 0
github.com/formancehq/orchestration/internal/workflow/activities.go:110.66,137.2 1 1
github.com/formancehq/orchestration/internal/workflow/activities.go:148.72,153.2 1 2
github.com/formancehq/orchestration/internal/workflow/config.go:20.115,25.32 2 0
github.com/formancehq/orchestration/internal/workflow/config.go:25.33,26.3 0 0
github.com/formancehq/orchestration/internal/workflow/config.go:28.2,31.16 2 0
github.com/formancehq/orchestration/internal/workflow/config.go:31.16,33.3 1 0
github.com/formancehq/orchestration/internal/workflow/config.go:35.2,35.65 1 0
github.com/formancehq/orchestration/internal/workflow/config.go:35.65,37.3 1 0
github.com/formancehq/orchestration/internal/workflow/config.go:39.2,46.16 2 0
github.com/formancehq/orchestration/internal/workflow/config.go:46.16,48.32 2 0
github.com/formancehq/orchestration/internal/workflow/config.go:48.32,50.4 1 0
github.com/formancehq/orchestration/internal/workflow/config.go:51.3,52.37 2 0
github.com/formancehq/orchestration/internal/workflow/config.go:52.37,54.4 1 0
github.com/formancehq/orchestration/internal/workflow/config.go:55.3,55.13 1 0
github.com/formancehq/orchestration/internal/workflow/config.go:58.2,58.12 1 0
github.com/formancehq/orchestration/internal/workflow/config.go:61.104,64.38 2 1
github.com/formancehq/orchestration/internal/workflow/config.go:64.38,71.17 4 1
github.com/formancehq/orchestration/internal/workflow/config.go:71.17,73.4 1 0
github.com/formancehq/orchestration/internal/workflow/config.go:75.3,78.17 2 1
github.com/formancehq/orchestration/internal/workflow/config.go:78.17,80.4 1 0
github.com/formancehq/orchestration/internal/workflow/config.go:82.3,83.22 2 0
github.com/formancehq/orchestration/internal/workflow/config.go:83.22,85.4 1 0
github.com/formancehq/orchestration/internal/workflow/config.go:86.3,91.17 3 0
github.com/formancehq/orchestration/internal/workflow/config.go:91.17,93.4 1 0
github.com/formancehq/orchestration/internal/workflow/config.go:95.3,98.17 2 0
github.com/formancehq/orchestration/internal/workflow/config.go:98.17,100.4 1 0
github.com/formancehq/orchestration/internal/workflow/config.go:102.3,104.22 2 0
github.com/formancehq/orchestration/internal/workflow/config.go:104.22,106.4 1 0
github.com/formancehq/orchestration/internal/workflow/config.go:109.2,109.12 1 0
github.com/formancehq/orchestration/internal/workflow/config.go:112.35,113.36 1 1
github.com/formancehq/orchestration/internal/workflow/config.go:113.36,114.25 1 1
github.com/formancehq/orchestration/internal/workflow/config.go:114.25,116.4 1 0
github.com/formancehq/orchestration/internal/workflow/config.go:117.3,117.24 1 1
github.com/formancehq/orchestration/internal/workflow/config.go:117.24,119.4 1 0
github.com/formancehq/orchestration/internal/workflow/config.go:120.3,124.36 2 1
github.com/formancehq/orchestration/internal/workflow/config.go:124.37,125.4 0 1
[...]
github.com/formancehq/orchestration/internal/triggers/manager.go:98.85,105.16 2 0
github.com/formancehq/orchestration/internal/triggers/manager.go:105.16,107.3 1 0
github.com/formancehq/orchestration/internal/triggers/manager.go:108.2,109.16 2 0
github.com/formancehq/orchestration/internal/triggers/manager.go:109.16,110.13 1 0
github.com/formancehq/orchestration/internal/triggers/manager.go:112.2,112.23 1 0
github.com/formancehq/orchestration/internal/triggers/manager.go:112.23,114.3 1 0
github.com/formancehq/orchestration/internal/triggers/manager.go:115.2,115.12 1 0
github.com/formancehq/orchestration/internal/triggers/manager.go:118.97,120.40 1 0
github.com/formancehq/orchestration/internal/triggers/manager.go:120.40,122.3 1 0
github.com/formancehq/orchestration/internal/triggers/manager.go:124.2,129.16 2 0
github.com/formancehq/orchestration/internal/triggers/manager.go:129.16,131.3 1 0
github.com/formancehq/orchestration/internal/triggers/manager.go:133.2,133.13 1 0
github.com/formancehq/orchestration/internal/triggers/manager.go:133.13,135.3 1 0
github.com/formancehq/orchestration/internal/triggers/manager.go:137.2,138.16 2 0
github.com/formancehq/orchestration/internal/triggers/manager.go:138.16,140.3 1 0
github.com/formancehq/orchestration/internal/triggers/manager.go:142.2,146.16 2 0
github.com/formancehq/orchestration/internal/triggers/manager.go:146.16,148.3 1 0
github.com/formancehq/orchestration/internal/triggers/manager.go:150.2,150.21 1 0
github.com/formancehq/orchestration/internal/triggers/manager.go:153.144,157.49 2 0
github.com/formancehq/orchestration/internal/triggers/manager.go:157.49,160.33 2 0
github.com/formancehq/orchestration/internal/triggers/manager.go:160.33,162.5 1 0
github.com/formancehq/orchestration/internal/triggers/manager.go:164.4,164.16 1 0
github.com/formancehq/orchestration/internal/triggers/manager.go:168.87,173.2 1 0
github.com/formancehq/orchestration/internal/triggers/module.go:17.51,20.65 1 0
github.com/formancehq/orchestration/internal/triggers/module.go:20.65,22.4 1 0
github.com/formancehq/orchestration/internal/triggers/module.go:23.38,25.4 1 0
github.com/formancehq/orchestration/internal/triggers/module.go:26.87,28.4 1 0
github.com/formancehq/orchestration/internal/triggers/module.go:30.86,32.4 1 0
github.com/formancehq/orchestration/internal/triggers/module.go:33.83,35.4 1 0
github.com/formancehq/orchestration/internal/triggers/module.go:39.120,42.78 1 0
github.com/formancehq/orchestration/internal/triggers/module.go:42.78,45.4 2 0
github.com/formancehq/orchestration/internal/triggers/trigger.go:27.46,29.2 1 0
github.com/formancehq/orchestration/internal/triggers/trigger.go:31.46,33.2 1 0
github.com/formancehq/orchestration/internal/triggers/trigger.go:35.50,38.2 2 0
github.com/formancehq/orchestration/internal/triggers/trigger.go:40.45,42.2 1 0
github.com/formancehq/orchestration/internal/triggers/trigger.go:44.75,49.2 1 0
github.com/formancehq/orchestration/internal/triggers/trigger.go:61.39,62.19 1 0
github.com/formancehq/orchestration/internal/triggers/trigger.go:62.19,64.3 1 0
github.com/formancehq/orchestration/internal/triggers/trigger.go:65.2,65.24 1 0
github.com/formancehq/orchestration/internal/triggers/trigger.go:65.24,67.3 1 0
github.com/formancehq/orchestration/internal/triggers/trigger.go:68.2,68.40 1 0
github.com/formancehq/orchestration/internal/triggers/trigger.go:68.40,70.17 2 0
github.com/formancehq/orchestration/internal/triggers/trigger.go:70.17,72.4 1 0
github.com/formancehq/orchestration/internal/triggers/trigger.go:74.2,74.27 1 0
github.com/formancehq/orchestration/internal/triggers/trigger.go:74.27,76.17 2 0
github.com/formancehq/orchestration/internal/triggers/trigger.go:76.17,78.4 1 0
github.com/formancehq/orchestration/internal/triggers/trigger.go:80.2,80.12 1 0
github.com/formancehq/orchestration/internal/triggers/trigger.go:91.33,93.2 1 13
github.com/formancehq/orchestration/internal/triggers/trigger.go:95.53,101.2 1 0
github.com/formancehq/orchestration/internal/triggers/trigger.go:115.98,122.2 1 4
github.com/formancehq/orchestration/internal/triggers/workflow_trigger.go:30.98,40.16 3 2
github.com/formancehq/orchestration/internal/triggers/workflow_trigger.go:40.16,42.3 1 0
github.com/formancehq/orchestration/internal/triggers/workflow_trigger.go:44.2,44.35 1 2
github.com/formancehq/orchestration/internal/triggers/workflow_trigger.go:44.35,48.32 2 0
github.com/formancehq/orchestration/internal/triggers/workflow_trigger.go:48.32,50.4 1 0
github.com/formancehq/orchestration/internal/triggers/workflow_trigger.go:52.3,60.67 1 0
github.com/formancehq/orchestration/internal/triggers/workflow_trigger.go:60.67,62.4 1 0
github.com/formancehq/orchestration/internal/triggers/workflow_trigger.go:65.2,65.12 1 2
github.com/formancehq/orchestration/internal/triggers/workflow_trigger.go:68.119,80.16 4 4
github.com/formancehq/orchestration/internal/triggers/workflow_trigger.go:80.16,82.3 1 0
github.com/formancehq/orchestration/internal/triggers/workflow_trigger.go:82.8,95.38 2 4
github.com/formancehq/orchestration/internal/triggers/workflow_trigger.go:95.38,97.4 1 0
github.com/formancehq/orchestration/internal/triggers/workflow_trigger.go:99.3,99.59 1 4
github.com/formancehq/orchestration/internal/triggers/workflow_trigger.go:102.2,109.16 2 4
github.com/formancehq/orchestration/internal/triggers/workflow_trigger.go:109.16,111.3 1 0
github.com/formancehq/orchestration/internal/triggers/workflow_trigger.go:113.2,120.16 2 4
github.com/formancehq/orchestration/internal/triggers/workflow_trigger.go:120.16,122.3 1 0
github.com/formancehq/orchestration/internal/triggers/workflow_trigger.go:124.2,124.12 1 1
github.com/formancehq/orchestration/internal/triggers/workflow_trigger.go:127.71,137.2 1 5
github.com/formancehq/orchestration/internal/triggers/workflow_trigger.go:139.97,145.2 1 5
github.com/formancehq/orchestration/internal/api/v2/handler_abort_workflow_instance.go:11.67,12.54 1 11
github.com/formancehq/orchestration/internal/api/v2/handler_abort_workflow_instance.go:12.54,13.70 1 0
github.com/formancehq/orchestration/internal/api/v2/handler_abort_workflow_instance.go:13.70,16.4 2 0
github.com/formancehq/orchestration/internal/api/v2/handler_abort_workflow_instance.go:17.3,17.19 1 0
github.com/formancehq/orchestration/internal/api/v2/handler_create_trigger.go:14.97,15.54 1 11
github.com/formancehq/orchestration/internal/api/v2/handler_create_trigger.go:15.54,18.63 2 1
github.com/formancehq/orchestration/internal/api/v2/handler_create_trigger.go:18.63,21.4 2 0
github.com/formancehq/orchestration/internal/api/v2/handler_create_trigger.go:23.3,24.17 2 1
github.com/formancehq/orchestration/internal/api/v2/handler_create_trigger.go:24.17,25.11 1 0
github.com/formancehq/orchestration/internal/api/v2/handler_create_trigger.go:28.42,29.47 1 0
github.com/formancehq/orchestration/internal/api/v2/handler_create_trigger.go:30.55,31.31 1 0
github.com/formancehq/orchestration/internal/api/v2/handler_create_trigger.go:32.12,33.45 1 0
github.com/formancehq/orchestration/internal/api/v2/handler_create_trigger.go:35.4,35.10 1 0
github.com/formancehq/orchestration/internal/api/v2/handler_create_trigger.go:38.3,38.32 1 1
github.com/formancehq/orchestration/internal/api/v2/handler_create_workflow.go:15.53,16.54 1 11
github.com/formancehq/orchestration/internal/api/v2/handler_create_workflow.go:16.54,19.54 2 2
github.com/formancehq/orchestration/internal/api/v2/handler_create_workflow.go:19.54,21.67 2 0
github.com/formancehq/orchestration/internal/api/v2/handler_create_workflow.go:21.67,24.5 2 0
github.com/formancehq/orchestration/internal/api/v2/handler_create_workflow.go:26.4,27.18 2 0
github.com/formancehq/orchestration/internal/api/v2/handler_create_workflow.go:27.18,28.15 1 0
github.com/formancehq/orchestration/internal/api/v2/handler_create_workflow.go:31.4,31.58 1 0
github.com/formancehq/orchestration/internal/api/v2/handler_create_workflow.go:31.58,34.5 2 0
github.com/formancehq/orchestration/internal/api/v2/handler_create_workflow.go:35.9,36.66 1 2
github.com/formancehq/orchestration/internal/api/v2/handler_create_workflow.go:36.66,39.5 2 0
github.com/formancehq/orchestration/internal/api/v2/handler_create_workflow.go:42.3,43.17 2 2
github.com/formancehq/orchestration/internal/api/v2/handler_create_workflow.go:43.17,46.4 2 0
github.com/formancehq/orchestration/internal/api/v2/handler_create_workflow.go:48.3,48.33 1 2
github.com/formancehq/orchestration/internal/api/v2/handler_delete_trigger.go:14.58,15.54 1 11
github.com/formancehq/orchestration/internal/api/v2/handler_delete_trigger.go:15.54,16.90 1 0
github.com/formancehq/orchestration/internal/api/v2/handler_delete_trigger.go:16.90,17.11 1 0
github.com/formancehq/orchestration/internal/api/v2/handler_delete_trigger.go:18.39,19.31 1 0
github.com/formancehq/orchestration/internal/api/v2/handler_delete_trigger.go:20.12,21.45 1 0
github.com/formancehq/orchestration/internal/api/v2/handler_delete_trigger.go:23.4,23.10 1 0
github.com/formancehq/orchestration/internal/api/v2/handler_delete_trigger.go:26.3,26.25 1 0
github.com/formancehq/orchestration/internal/api/v2/handler_delete_workflow.go:18.60,19.54 1 11
github.com/formancehq/orchestration/internal/api/v2/handler_delete_workflow.go:19.54,23.17 3 2
github.com/formancehq/orchestration/internal/api/v2/handler_delete_workflow.go:23.17,26.4 2 0
github.com/formancehq/orchestration/internal/api/v2/handler_delete_workflow.go:28.3,30.51 2 2
github.com/formancehq/orchestration/internal/api/v2/handler_delete_workflow.go:30.51,33.4 2 0
github.com/formancehq/orchestration/internal/api/v2/handler_delete_workflow.go:35.3,35.17 1 2
github.com/formancehq/orchestration/internal/api/v2/handler_delete_workflow.go:35.17,38.4 2 0
github.com/formancehq/orchestration/internal/api/v2/handler_delete_workflow.go:40.3,40.19 1 2
github.com/formancehq/orchestration/internal/api/v2/handler_get_trigger.go:14.55,15.54 1 11
github.com/formancehq/orchestration/internal/api/v2/handler_get_trigger.go:15.54,17.17 2 0
github.com/formancehq/orchestration/internal/api/v2/handler_get_trigger.go:17.17,18.11 1 0
github.com/formancehq/orchestration/internal/api/v2/handler_get_trigger.go:19.39,21.11 2 0
github.com/formancehq/orchestration/internal/api/v2/handler_get_trigger.go:22.12,23.45 1 0
github.com/formancehq/orchestration/internal/api/v2/handler_get_trigger.go:25.4,25.10 1 0
github.com/formancehq/orchestration/internal/api/v2/handler_get_trigger.go:28.3,28.27 1 0
github.com/formancehq/orchestration/internal/api/v2/handler_list_instances.go:14.58,15.54 1 11
github.com/formancehq/orchestration/internal/api/v2/handler_list_instances.go:15.54,17.110 1 4
github.com/formancehq/orchestration/internal/api/v2/handler_list_instances.go:17.110,19.18 2 4
github.com/formancehq/orchestration/internal/api/v2/handler_list_instances.go:19.18,21.5 1 0
github.com/formancehq/orchestration/internal/api/v2/handler_list_instances.go:22.4,28.10 1 4
github.com/formancehq/orchestration/internal/api/v2/handler_list_instances.go:30.3,30.17 1 4
github.com/formancehq/orchestration/internal/api/v2/handler_list_instances.go:30.17,33.4 2 0
github.com/formancehq/orchestration/internal/api/v2/handler_list_instances.go:35.3,36.17 2 4
github.com/formancehq/orchestration/internal/api/v2/handler_list_instances.go:36.17,39.4 2 0
github.com/formancehq/orchestration/internal/api/v2/handler_list_instances.go:40.3,40.35 1 4
github.com/formancehq/orchestration/internal/api/v2/handler_list_triggers.go:14.96,15.54 1 11
github.com/formancehq/orchestration/internal/api/v2/handler_list_triggers.go:15.54,16.112 1 0
github.com/formancehq/orchestration/internal/api/v2/handler_list_triggers.go:16.112,18.18 2 0
github.com/formancehq/orchestration/internal/api/v2/handler_list_triggers.go:18.18,20.5 1 0
github.com/formancehq/orchestration/internal/api/v2/handler_list_triggers.go:22.4,27.10 2 0
github.com/formancehq/orchestration/internal/api/v2/handler_list_triggers.go:29.3,29.17 1 0
github.com/formancehq/orchestration/internal/api/v2/handler_list_triggers.go:29.17,32.4 2 0
github.com/formancehq/orchestration/internal/api/v2/handler_list_triggers.go:34.3,35.17 2 0
github.com/formancehq/orchestration/internal/api/v2/handler_list_triggers.go:35.17,38.4 2 0
github.com/formancehq/orchestration/internal/api/v2/handler_list_triggers.go:40.3,40.39 1 0
github.com/formancehq/orchestration/internal/api/v2/handler_list_triggers_occurrences.go:15.107,16.54 1 11
github.com/formancehq/orchestration/internal/api/v2/handler_list_triggers_occurrences.go:16.54,18.134 1 0
github.com/formancehq/orchestration/internal/api/v2/handler_list_triggers_occurrences.go:18.134,20.18 2 0
github.com/formancehq/orchestration/internal/api/v2/handler_list_triggers_occurrences.go:20.18,22.5 1 0
github.com/formancehq/orchestration/internal/api/v2/handler_list_triggers_occurrences.go:23.4,28.10 1 0
github.com/formancehq/orchestration/internal/api/v2/handler_list_triggers_occurrences.go:30.3,30.17 1 0
github.com/formancehq/orchestration/internal/api/v2/handler_list_triggers_occurrences.go:30.17,33.4 2 0
github.com/formancehq/orchestration/internal/api/v2/handler_list_triggers_occurrences.go:35.3,36.17 2 0
github.com/formancehq/orchestration/internal/api/v2/handler_list_triggers_occurrences.go:36.17,39.4 2 0
github.com/formancehq/orchestration/internal/api/v2/handler_list_triggers_occurrences.go:41.3,41.50 1 0
github.com/formancehq/orchestration/internal/api/v2/handler_list_workflows.go:13.58,14.54 1 11
github.com/formancehq/orchestration/internal/api/v2/handler_list_workflows.go:14.54,16.134 1 0
github.com/formancehq/orchestration/internal/api/v2/handler_list_workflows.go:16.134,18.18 2 0
github.com/formancehq/orchestration/internal/api/v2/handler_list_workflows.go:18.18,20.5 1 0
github.com/formancehq/orchestration/internal/api/v2/handler_list_workflows.go:21.4,23.10 1 0
github.com/formancehq/orchestration/internal/api/v2/handler_list_workflows.go:25.3,25.17 1 0
github.com/formancehq/orchestration/internal/api/v2/handler_list_workflows.go:25.17,28.4 2 0
github.com/formancehq/orchestration/internal/api/v2/handler_list_workflows.go:30.3,31.17 2 0
github.com/formancehq/orchestration/internal/api/v2/handler_list_workflows.go:31.17,34.4 2 0
github.com/formancehq/orchestration/internal/api/v2/handler_list_workflows.go:36.3,36.40 1 0
github.com/formancehq/orchestration/internal/api/v2/handler_post_event.go:13.73,14.54 1 11
github.com/formancehq/orchestration/internal/api/v2/handler_post_event.go:14.54,16.64 2 0
github.com/formancehq/orchestration/internal/api/v2/handler_post_event.go:16.64,19.4 2 0
github.com/formancehq/orchestration/internal/api/v2/handler_post_event.go:21.3,21.78 1 0
github.com/formancehq/orchestration/internal/api/v2/handler_post_event.go:21.78,24.4 2 0
github.com/formancehq/orchestration/internal/api/v2/handler_post_event.go:26.3,26.19 1 0
github.com/formancehq/orchestration/internal/api/v2/handler_read_instance.go:11.57,12.54 1 11
github.com/formancehq/orchestration/internal/api/v2/handler_read_instance.go:12.54,14.17 2 1
github.com/formancehq/orchestration/internal/api/v2/handler_read_instance.go:14.17,17.4 2 0
github.com/formancehq/orchestration/internal/api/v2/handler_read_instance.go:19.3,19.29 1 1
github.com/formancehq/orchestration/internal/api/v2/handler_read_instance_history.go:11.65,12.54 1 11
github.com/formancehq/orchestration/internal/api/v2/handler_read_instance_history.go:12.54,14.17 2 0
github.com/formancehq/orchestration/internal/api/v2/handler_read_instance_history.go:14.17,17.4 2 0
github.com/formancehq/orchestration/internal/api/v2/handler_read_instance_history.go:19.3,19.23 1 0
github.com/formancehq/orchestration/internal/api/v2/handler_read_stage_history.go:15.61,16.54 1 11
github.com/formancehq/orchestration/internal/api/v2/handler_read_stage_history.go:16.54,19.17 3 0
github.com/formancehq/orchestration/internal/api/v2/handler_read_stage_history.go:19.17,22.4 2 0
github.com/formancehq/orchestration/internal/api/v2/handler_read_stage_history.go:23.3,24.17 2 0
github.com/formancehq/orchestration/internal/api/v2/handler_read_stage_history.go:24.17,25.11 1 0
github.com/formancehq/orchestration/internal/api/v2/handler_read_stage_history.go:26.54,27.31 1 0
github.com/formancehq/orchestration/internal/api/v2/handler_read_stage_history.go:28.12,29.45 1 0
github.com/formancehq/orchestration/internal/api/v2/handler_read_stage_history.go:31.4,31.10 1 0
github.com/formancehq/orchestration/internal/api/v2/handler_read_stage_history.go:34.3,34.29 1 0
github.com/formancehq/orchestration/internal/api/v2/handler_read_workflow.go:11.58,12.54 1 11
github.com/formancehq/orchestration/internal/api/v2/handler_read_workflow.go:12.54,14.17 2 0
github.com/formancehq/orchestration/internal/api/v2/handler_read_workflow.go:14.17,17.4 2 0
github.com/formancehq/orchestration/internal/api/v2/handler_read_workflow.go:19.3,19.22 1 0
github.com/formancehq/orchestration/internal/api/v2/handler_run_workflow.go:14.57,15.54 1 11
github.com/formancehq/orchestration/internal/api/v2/handler_run_workflow.go:15.54,17.26 2 2
github.com/formancehq/orchestration/internal/api/v2/handler_run_workflow.go:17.26,18.65 1 0
github.com/formancehq/orchestration/internal/api/v2/handler_run_workflow.go:18.65,21.5 2 0
github.com/formancehq/orchestration/internal/api/v2/handler_run_workflow.go:23.3,24.17 2 2
github.com/formancehq/orchestration/internal/api/v2/handler_run_workflow.go:24.17,27.4 2 0
github.com/formancehq/orchestration/internal/api/v2/handler_run_workflow.go:29.3,29.88 1 2
github.com/formancehq/orchestration/internal/api/v2/handler_run_workflow.go:29.88,36.65 2 1
github.com/formancehq/orchestration/internal/api/v2/handler_run_workflow.go:36.65,38.5 1 0
github.com/formancehq/orchestration/internal/api/v2/handler_run_workflow.go:39.4,40.18 2 1
github.com/formancehq/orchestration/internal/api/v2/handler_run_workflow.go:40.18,41.15 1 0
github.com/formancehq/orchestration/internal/api/v2/handler_run_workflow.go:44.4,45.10 2 1
github.com/formancehq/orchestration/internal/api/v2/handler_run_workflow.go:48.3,48.27 1 1
github.com/formancehq/orchestration/internal/api/v2/handler_test_trigger.go:13.56,14.54 1 11
github.com/formancehq/orchestration/internal/api/v2/handler_test_trigger.go:14.54,17.63 2 4
github.com/formancehq/orchestration/internal/api/v2/handler_test_trigger.go:17.63,20.4 2 0
github.com/formancehq/orchestration/internal/api/v2/handler_test_trigger.go:22.3,23.17 2 4
github.com/formancehq/orchestration/internal/api/v2/handler_test_trigger.go:23.17,26.4 2 0
github.com/formancehq/orchestration/internal/api/v2/handler_test_trigger.go:28.3,28.21 1 4
github.com/formancehq/orchestration/internal/api/v2/module.go:8.28,15.2 1 0
github.com/formancehq/orchestration/internal/api/v2/router.go:14.92,16.29 2 11
github.com/formancehq/orchestration/internal/api/v2/router.go:16.29,20.43 3 11
github.com/formancehq/orchestration/internal/api/v2/router.go:20.43,23.47 3 11
github.com/formancehq/orchestration/internal/api/v2/router.go:23.47,28.5 4 11
github.com/formancehq/orchestration/internal/api/v2/router.go:30.3,30.44 1 11
github.com/formancehq/orchestration/internal/api/v2/router.go:30.44,33.48 3 11
github.com/formancehq/orchestration/internal/api/v2/router.go:33.48,36.46 3 11
github.com/formancehq/orchestration/internal/api/v2/router.go:36.46,38.6 1 11
github.com/formancehq/orchestration/internal/api/v2/router.go:41.3,41.44 1 11
github.com/formancehq/orchestration/internal/api/v2/router.go:41.44,43.48 2 11
github.com/formancehq/orchestration/internal/api/v2/router.go:43.48,48.43 5 11
github.com/formancehq/orchestration/internal/api/v2/router.go:48.43,49.46 1 11
github.com/formancehq/orchestration/internal/api/v2/router.go:49.46,51.7 1 11
github.com/formancehq/orchestration/internal/api/v2/router.go:57.2,57.10 1 11
github.com/formancehq/orchestration/internal/api/v2/router.go:60.41,62.2 1 6
github.com/formancehq/orchestration/internal/api/v2/router.go:64.41,66.2 1 1
